#
# A fatal error has been detected by the Java Runtime Environment:
#
#  EXCEPTION_ACCESS_VIOLATION (0xc0000005) at pc=0x00000000033babd0, pid=1132, tid=0x0000000000002fb8
#
# JRE version: Java(TM) SE Runtime Environment (8.0_121-b13) (build 1.8.0_121-b13)
# Java VM: Java HotSpot(TM) 64-Bit Server VM (25.121-b13 mixed mode windows-amd64 compressed oops)
# Problematic frame:
# J 3362 C2 ImageUtils$.matToString(Lorg/bytedeco/javacpp/opencv_core$Mat;)Lscala/collection/immutable/List; (217 bytes) @ 0x00000000033babd0 [0x00000000033b9760+0x1470]
#
# Failed to write core dump. Minidumps are not enabled by default on client versions of Windows
#
# If you would like to submit a bug report, please visit:
#   http://bugreport.java.com/bugreport/crash.jsp
#

---------------  T H R E A D  ---------------

Current thread (0x000000001b781000):  JavaThread "Executor task launch worker-1" daemon [_thread_in_Java, id=12216, stack(0x0000000023d50000,0x0000000023e50000)]

siginfo: ExceptionCode=0xc0000005, reading address 0x0000000019e451d4

Registers:
RAX=0x0000000000000005, RBX=0x0000000000000004, RCX=0x000000000000c200, RDX=0x0000000023e4ecb0
RSP=0x0000000023e4ecd0, RBP=0x00000000ffffffff, RSI=0x0000000000000005, RDI=0x0000000084447aa8
R8 =0x00000000f3433a08, R9 =0x00000000f3358000, R10=0x0000000019e451d4, R11=0x0000000019e451d4
R12=0x0000000000000000, R13=0x000000000000001a, R14=0x0000000023e4ecb0, R15=0x000000001b781000
RIP=0x00000000033babd0, EFLAGS=0x0000000000010206

Top of Stack: (sp=0x0000000023e4ecd0)
0x0000000023e4ecd0:   00000000f2dbd2b0 0000000000000002
0x0000000023e4ece0:   0000000023e4eda0 000000000357c51c
0x0000000023e4ecf0:   00000000d6d07458 000000010000da58
0x0000000023e4ed00:   000000c600000005 00000000f3358040
0x0000000023e4ed10:   0000000083daea60 0000000100085268
0x0000000023e4ed20:   0000007f00000080 0000630500000080
0x0000000023e4ed30:   0000018300000184 0000001900000184
0x0000000023e4ed40:   0000000000000005 00000000f3358000
0x0000000023e4ed50:   d6d074c8d6d07458 7ff8000000000000
0x0000000023e4ed60:   0000000000000005 0000000083db21e8
0x0000000023e4ed70:   0000000000000021 00018c0000000020
0x0000000023e4ed80:   00000000d6d074f8 00000000d6d07458
0x0000000023e4ed90:   0000002200000000 00000000d6d074f8
0x0000000023e4eda0:   0000000000000010 00000010036ee79c
0x0000000023e4edb0:   0000000000000010 00000000f2dbd1f0
0x0000000023e4edc0:   0000000000000010 00000000f2dbd130 

Instructions: (pc=0x00000000033babd0)
0x00000000033babb0:   65 22 00 00 44 3b d1 0f 8d f0 22 00 00 4d 8b 50
0x00000000033babc0:   10 4c 63 5c 24 5c 49 c1 e3 02 4d 03 da 4d 8b d3
0x00000000033babd0:   c4 c1 7a 5a 02 e9 48 f1 ff ff 48 8b 54 24 78 48
0x00000000033babe0:   bd d8 21 db 83 00 00 00 00 66 90 e8 b0 b5 6b ff 


Register to memory mapping:

RAX=0x0000000000000005 is an unknown value
RBX=0x0000000000000004 is an unknown value
RCX=0x000000000000c200 is an unknown value
RDX=0x0000000023e4ecb0 is pointing into the stack for thread: 0x000000001b781000
RSP=0x0000000023e4ecd0 is pointing into the stack for thread: 0x000000001b781000
RBP=0x00000000ffffffff is an unknown value
RSI=0x0000000000000005 is an unknown value
RDI=0x0000000084447aa8 is pointing into object: 0x0000000084447a98
[C 
 - klass: {type array char}
 - length: 26
R8 =0x00000000f3433a08 is an oop
java.nio.DirectFloatBufferU 
 - klass: 'java/nio/DirectFloatBufferU'
R9 =0x00000000f3358000 is an oop
org.bytedeco.javacpp.opencv_core$CvMat 
 - klass: 'org/bytedeco/javacpp/opencv_core$CvMat'
R10=0x0000000019e451d4 is an unknown value
R11=0x0000000019e451d4 is an unknown value
R12=0x0000000000000000 is an unknown value
R13=0x000000000000001a is an unknown value
R14=0x0000000023e4ecb0 is pointing into the stack for thread: 0x000000001b781000
R15=0x000000001b781000 is a thread


Stack: [0x0000000023d50000,0x0000000023e50000],  sp=0x0000000023e4ecd0,  free space=1019k
Native frames: (J=compiled Java code, j=interpreted, Vv=VM code, C=native code)
C  0x00000000033babd0


---------------  P R O C E S S  ---------------

Java Threads: ( => current thread )
=>0x000000001b781000 JavaThread "Executor task launch worker-1" daemon [_thread_in_Java, id=12216, stack(0x0000000023d50000,0x0000000023e50000)]
  0x000000001a8cb000 JavaThread "Executor task launch worker-0" daemon [_thread_in_Java, id=3232, stack(0x0000000023c50000,0x0000000023d50000)]
  0x000000001a8d1000 JavaThread "SparkListenerBus" daemon [_thread_blocked, id=4824, stack(0x0000000023950000,0x0000000023a50000)]
  0x000000001a8cf800 JavaThread "context-cleaner-periodic-gc" daemon [_thread_blocked, id=8264, stack(0x00000000235a0000,0x00000000236a0000)]
  0x000000001a8d0800 JavaThread "Spark Context Cleaner" daemon [_thread_blocked, id=4420, stack(0x00000000234a0000,0x00000000235a0000)]
  0x000000001a8ce000 JavaThread "shuffle-server-0" daemon [_thread_in_native, id=9872, stack(0x00000000233a0000,0x00000000234a0000)]
  0x000000001a8cd800 JavaThread "driver-heartbeater" daemon [_thread_blocked, id=6040, stack(0x00000000232a0000,0x00000000233a0000)]
  0x000000001a8cf000 JavaThread "dag-scheduler-event-loop" daemon [_thread_blocked, id=7940, stack(0x00000000231a0000,0x00000000232a0000)]
  0x000000001a8c6000 JavaThread "netty-rpc-env-timeout" daemon [_thread_blocked, id=9088, stack(0x0000000021930000,0x0000000021a30000)]
  0x000000001a8cc800 JavaThread "Timer-0" daemon [_thread_blocked, id=4412, stack(0x0000000021830000,0x0000000021930000)]
  0x000000001a8cc000 JavaThread "heartbeat-receiver-event-loop-thread" daemon [_thread_blocked, id=2572, stack(0x0000000021730000,0x0000000021830000)]
  0x000000001a8c7800 JavaThread "qtp1690050988-53" daemon [_thread_blocked, id=5780, stack(0x0000000021530000,0x0000000021630000)]
  0x000000001a8c3800 JavaThread "qtp1690050988-52" daemon [_thread_blocked, id=8108, stack(0x0000000021430000,0x0000000021530000)]
  0x000000001a8c5000 JavaThread "qtp1690050988-51" daemon [_thread_blocked, id=3472, stack(0x0000000021330000,0x0000000021430000)]
  0x000000001a8c9800 JavaThread "qtp1690050988-50" daemon [_thread_blocked, id=12680, stack(0x0000000021230000,0x0000000021330000)]
  0x000000001a8ca800 JavaThread "qtp1690050988-49" daemon [_thread_blocked, id=9440, stack(0x0000000021130000,0x0000000021230000)]
  0x000000001a8c4800 JavaThread "qtp1690050988-48" daemon [_thread_blocked, id=8360, stack(0x0000000021030000,0x0000000021130000)]
  0x000000001a8c3000 JavaThread "qtp1690050988-47 Acceptor0 SelectChannelConnector@0.0.0.0:4040" daemon [_thread_in_native, id=5652, stack(0x0000000020f30000,0x0000000021030000)]
  0x000000001a8c8000 JavaThread "qtp1690050988-46 Selector0" daemon [_thread_in_native, id=7856, stack(0x0000000020e30000,0x0000000020f30000)]
  0x000000001a8c2000 JavaThread "refresh progress" daemon [_thread_blocked, id=5856, stack(0x000000001f940000,0x000000001fa40000)]
  0x000000001a8c6800 JavaThread "SPARK_CONTEXT cleanup timer" daemon [_thread_blocked, id=14092, stack(0x000000001f840000,0x000000001f940000)]
  0x000000001a8c9000 JavaThread "BROADCAST_VARS cleanup timer" daemon [_thread_blocked, id=12448, stack(0x000000001e770000,0x000000001e870000)]
  0x000000001b51f000 JavaThread "BLOCK_MANAGER cleanup timer" daemon [_thread_blocked, id=11232, stack(0x000000001e670000,0x000000001e770000)]
  0x000000001b51e800 JavaThread "MAP_OUTPUT_TRACKER cleanup timer" daemon [_thread_blocked, id=13180, stack(0x000000001e370000,0x000000001e470000)]
  0x000000001b51d800 JavaThread "New I/O server boss #6" daemon [_thread_in_native, id=5300, stack(0x000000001e270000,0x000000001e370000)]
  0x000000001b51d000 JavaThread "New I/O worker #5" daemon [_thread_in_native, id=12896, stack(0x000000001e170000,0x000000001e270000)]
  0x000000001b51c000 JavaThread "New I/O worker #4" daemon [_thread_in_native, id=4668, stack(0x000000001e070000,0x000000001e170000)]
  0x000000001b51b800 JavaThread "New I/O boss #3" daemon [_thread_in_native, id=7348, stack(0x000000001df70000,0x000000001e070000)]
  0x000000001b522000 JavaThread "New I/O worker #2" daemon [_thread_in_native, id=4820, stack(0x000000001de70000,0x000000001df70000)]
  0x000000001b520800 JavaThread "New I/O worker #1" daemon [_thread_in_native, id=6052, stack(0x000000001dd70000,0x000000001de70000)]
  0x000000001b521800 JavaThread "sparkDriverActorSystem-akka.remote.default-remote-dispatcher-6" daemon [_thread_blocked, id=5148, stack(0x000000001da70000,0x000000001db70000)]
  0x000000001b520000 JavaThread "sparkDriverActorSystem-akka.remote.default-remote-dispatcher-5" daemon [_thread_blocked, id=14052, stack(0x000000001d970000,0x000000001da70000)]
  0x000000001b559800 JavaThread "sparkDriverActorSystem-akka.actor.default-dispatcher-4" daemon [_thread_blocked, id=8088, stack(0x000000001d870000,0x000000001d970000)]
  0x000000001b557800 JavaThread "sparkDriverActorSystem-akka.actor.default-dispatcher-3" daemon [_thread_blocked, id=5020, stack(0x000000001d770000,0x000000001d870000)]
  0x000000001a79a000 JavaThread "sparkDriverActorSystem-scheduler-1" daemon [_thread_in_vm, id=11688, stack(0x000000001d370000,0x000000001d470000)]
  0x00000000199e9800 JavaThread "shuffle-server-0" daemon [_thread_in_native, id=12824, stack(0x000000001d270000,0x000000001d370000)]
  0x00000000199e8000 JavaThread "dispatcher-event-loop-3" daemon [_thread_blocked, id=7432, stack(0x000000001ce70000,0x000000001cf70000)]
  0x00000000199e7000 JavaThread "dispatcher-event-loop-2" daemon [_thread_blocked, id=14096, stack(0x000000001cd70000,0x000000001ce70000)]
  0x00000000199e2800 JavaThread "dispatcher-event-loop-1" daemon [_thread_blocked, id=6288, stack(0x000000001cc70000,0x000000001cd70000)]
  0x000000001aa60800 JavaThread "dispatcher-event-loop-0" daemon [_thread_blocked, id=3092, stack(0x000000001b380000,0x000000001b480000)]
  0x0000000019aae800 JavaThread "Monitor Ctrl-Break" daemon [_thread_in_native, id=6884, stack(0x000000001aa80000,0x000000001ab80000)]
  0x0000000018ce0800 JavaThread "Service Thread" daemon [_thread_blocked, id=1900, stack(0x00000000190b0000,0x00000000191b0000)]
  0x0000000017454000 JavaThread "C1 CompilerThread2" daemon [_thread_blocked, id=10976, stack(0x0000000018bb0000,0x0000000018cb0000)]
  0x000000001744d800 JavaThread "C2 CompilerThread1" daemon [_thread_in_native, id=12692, stack(0x0000000018ab0000,0x0000000018bb0000)]
  0x000000001744b000 JavaThread "C2 CompilerThread0" daemon [_thread_in_native, id=11960, stack(0x00000000189b0000,0x0000000018ab0000)]
  0x0000000017449800 JavaThread "Attach Listener" daemon [_thread_blocked, id=7400, stack(0x00000000188b0000,0x00000000189b0000)]
  0x0000000017446800 JavaThread "Signal Dispatcher" daemon [_thread_blocked, id=1916, stack(0x00000000187b0000,0x00000000188b0000)]
  0x0000000002a2e800 JavaThread "Finalizer" daemon [_thread_blocked, id=3968, stack(0x00000000186b0000,0x00000000187b0000)]
  0x0000000017408800 JavaThread "Reference Handler" daemon [_thread_blocked, id=10576, stack(0x00000000185b0000,0x00000000186b0000)]
  0x0000000002938000 JavaThread "main" [_thread_blocked, id=3816, stack(0x0000000002830000,0x0000000002930000)]

Other Threads:
  0x0000000017407800 VMThread [stack: 0x00000000184b0000,0x00000000185b0000] [id=10980]
  0x0000000018d6e000 WatcherThread [stack: 0x00000000191b0000,0x00000000192b0000] [id=12900]

VM state:not at safepoint (normal execution)

VM Mutex/Monitor currently owned by a thread: None

Heap:
 PSYoungGen      total 544768K, used 141176K [0x00000000d6900000, 0x0000000100000000, 0x0000000100000000)
  eden space 468992K, 14% used [0x00000000d6900000,0x00000000da95b180,0x00000000f3300000)
  from space 75776K, 99% used [0x00000000f3300000,0x00000000f7c83210,0x00000000f7d00000)
  to   space 110592K, 0% used [0x00000000f9400000,0x00000000f9400000,0x0000000100000000)
 ParOldGen       total 305152K, used 267067K [0x0000000083a00000, 0x0000000096400000, 0x00000000d6900000)
  object space 305152K, 87% used [0x0000000083a00000,0x0000000093ecee10,0x0000000096400000)
 Metaspace       used 44915K, capacity 45296K, committed 45696K, reserved 1089536K
  class space    used 6295K, capacity 6411K, committed 6528K, reserved 1048576K

Card table byte_map: [0x0000000011df0000,0x00000000121e0000] byte_map_base: 0x00000000119d3000

Marking Bits: (ParMarkBitMap*) 0x000000005a89b6d0
 Begin Bits: [0x0000000012880000, 0x0000000014798000)
 End Bits:   [0x0000000014798000, 0x00000000166b0000)

Polling page: 0x0000000000a10000

CodeCache: size=245760Kb used=13336Kb max_used=13348Kb free=232423Kb
 bounds [0x0000000002a30000, 0x0000000003750000, 0x0000000011a30000]
 total_blobs=4773 nmethods=4048 adapters=636
 compilation: enabled

Compilation events (10 events):
Event: 43.800 Thread 0x0000000017454000 nmethod 4558 0x000000000373a590 code [0x000000000373a700, 0x000000000373a948]
Event: 43.800 Thread 0x0000000017454000 4559       3       java.io.ObjectStreamClass$WeakClassKey::equals (42 bytes)
Event: 43.801 Thread 0x0000000017454000 nmethod 4559 0x0000000003739dd0 code [0x0000000003739f40, 0x000000000373a4d0]
Event: 43.805 Thread 0x0000000017454000 4562   !   3       java.io.ObjectOutputStream::writeObject (38 bytes)
Event: 43.806 Thread 0x0000000017454000 nmethod 4562 0x0000000003738310 code [0x00000000037384a0, 0x00000000037387b8]
Event: 43.806 Thread 0x0000000017454000 4563       3       java.io.ObjectOutputStream::writeString (74 bytes)
Event: 43.806 Thread 0x000000001744b000 nmethod 4561% 0x0000000003742450 code [0x00000000037425c0, 0x0000000003742b58]
Event: 43.807 Thread 0x000000001744b000 4564       4       java.io.ObjectOutputStream$BlockDataOutputStream::writeBytes (144 bytes)
Event: 43.808 Thread 0x0000000017454000 nmethod 4563 0x0000000003738dd0 code [0x0000000003739000, 0x0000000003739818]
Event: 43.812 Thread 0x000000001744d800 nmethod 4560% 0x0000000003744c50 code [0x0000000003744da0, 0x00000000037452b8]

GC Heap History (10 events):
Event: 28.805 GC heap before
{Heap before GC invocations=31 (full 4):
 PSYoungGen      total 509952K, used 505096K [0x00000000d6900000, 0x00000000fa700000, 0x0000000100000000)
  eden space 453120K, 100% used [0x00000000d6900000,0x00000000f2380000,0x00000000f2380000)
  from space 56832K, 91% used [0x00000000f6200000,0x00000000f94c2380,0x00000000f9980000)
  to   space 64000K, 0% used [0x00000000f2380000,0x00000000f2380000,0x00000000f6200000)
 ParOldGen       total 305152K, used 164892K [0x0000000083a00000, 0x0000000096400000, 0x00000000d6900000)
  object space 305152K, 54% used [0x0000000083a00000,0x000000008db070b8,0x0000000096400000)
 Metaspace       used 44789K, capacity 45168K, committed 45440K, reserved 1087488K
  class space    used 6291K, capacity 6411K, committed 6528K, reserved 1048576K
Event: 28.832 GC heap after
Heap after GC invocations=31 (full 4):
 PSYoungGen      total 517120K, used 63971K [0x00000000d6900000, 0x00000000ff800000, 0x0000000100000000)
  eden space 453120K, 0% used [0x00000000d6900000,0x00000000d6900000,0x00000000f2380000)
  from space 64000K, 99% used [0x00000000f2380000,0x00000000f61f8c38,0x00000000f6200000)
  to   space 78336K, 0% used [0x00000000fab80000,0x00000000fab80000,0x00000000ff800000)
 ParOldGen       total 305152K, used 175771K [0x0000000083a00000, 0x0000000096400000, 0x00000000d6900000)
  object space 305152K, 57% used [0x0000000083a00000,0x000000008e5a6fa0,0x0000000096400000)
 Metaspace       used 44789K, capacity 45168K, committed 45440K, reserved 1087488K
  class space    used 6291K, capacity 6411K, committed 6528K, reserved 1048576K
}
Event: 30.501 GC heap before
{Heap before GC invocations=32 (full 4):
 PSYoungGen      total 517120K, used 517091K [0x00000000d6900000, 0x00000000ff800000, 0x0000000100000000)
  eden space 453120K, 100% used [0x00000000d6900000,0x00000000f2380000,0x00000000f2380000)
  from space 64000K, 99% used [0x00000000f2380000,0x00000000f61f8c38,0x00000000f6200000)
  to   space 78336K, 0% used [0x00000000fab80000,0x00000000fab80000,0x00000000ff800000)
 ParOldGen       total 305152K, used 175771K [0x0000000083a00000, 0x0000000096400000, 0x00000000d6900000)
  object space 305152K, 57% used [0x0000000083a00000,0x000000008e5a6fa0,0x0000000096400000)
 Metaspace       used 44801K, capacity 45168K, committed 45440K, reserved 1087488K
  class space    used 6291K, capacity 6411K, committed 6528K, reserved 1048576K
Event: 30.549 GC heap after
Heap after GC invocations=32 (full 4):
 PSYoungGen      total 567808K, used 78314K [0x00000000d6900000, 0x0000000100000000, 0x0000000100000000)
  eden space 489472K, 0% used [0x00000000d6900000,0x00000000d6900000,0x00000000f4700000)
  from space 78336K, 99% used [0x00000000fab80000,0x00000000ff7fa9a0,0x00000000ff800000)
  to   space 94720K, 0% used [0x00000000f4700000,0x00000000f4700000,0x00000000fa380000)
 ParOldGen       total 305152K, used 186236K [0x0000000083a00000, 0x0000000096400000, 0x00000000d6900000)
  object space 305152K, 61% used [0x0000000083a00000,0x000000008efdf3d8,0x0000000096400000)
 Metaspace       used 44801K, capacity 45168K, committed 45440K, reserved 1087488K
  class space    used 6291K, capacity 6411K, committed 6528K, reserved 1048576K
}
Event: 32.336 GC heap before
{Heap before GC invocations=33 (full 4):
 PSYoungGen      total 567808K, used 567786K [0x00000000d6900000, 0x0000000100000000, 0x0000000100000000)
  eden space 489472K, 100% used [0x00000000d6900000,0x00000000f4700000,0x00000000f4700000)
  from space 78336K, 99% used [0x00000000fab80000,0x00000000ff7fa9a0,0x00000000ff800000)
  to   space 94720K, 0% used [0x00000000f4700000,0x00000000f4700000,0x00000000fa380000)
 ParOldGen       total 305152K, used 186236K [0x0000000083a00000, 0x0000000096400000, 0x00000000d6900000)
  object space 305152K, 61% used [0x0000000083a00000,0x000000008efdf3d8,0x0000000096400000)
 Metaspace       used 44828K, capacity 45168K, committed 45440K, reserved 1087488K
  class space    used 6291K, capacity 6411K, committed 6528K, reserved 1048576K
Event: 32.370 GC heap after
Heap after GC invocations=33 (full 4):
 PSYoungGen      total 554496K, used 64646K [0x00000000d6900000, 0x0000000100000000, 0x0000000100000000)
  eden space 489472K, 0% used [0x00000000d6900000,0x00000000d6900000,0x00000000f4700000)
  from space 65024K, 99% used [0x00000000f4700000,0x00000000f86219a8,0x00000000f8680000)
  to   space 98816K, 0% used [0x00000000f9f80000,0x00000000f9f80000,0x0000000100000000)
 ParOldGen       total 305152K, used 230827K [0x0000000083a00000, 0x0000000096400000, 0x00000000d6900000)
  object space 305152K, 75% used [0x0000000083a00000,0x0000000091b6ae10,0x0000000096400000)
 Metaspace       used 44828K, capacity 45168K, committed 45440K, reserved 1087488K
  class space    used 6291K, capacity 6411K, committed 6528K, reserved 1048576K
}
Event: 36.516 GC heap before
{Heap before GC invocations=34 (full 4):
 PSYoungGen      total 554496K, used 554118K [0x00000000d6900000, 0x0000000100000000, 0x0000000100000000)
  eden space 489472K, 100% used [0x00000000d6900000,0x00000000f4700000,0x00000000f4700000)
  from space 65024K, 99% used [0x00000000f4700000,0x00000000f86219a8,0x00000000f8680000)
  to   space 98816K, 0% used [0x00000000f9f80000,0x00000000f9f80000,0x0000000100000000)
 ParOldGen       total 305152K, used 230827K [0x0000000083a00000, 0x0000000096400000, 0x00000000d6900000)
  object space 305152K, 75% used [0x0000000083a00000,0x0000000091b6ae10,0x0000000096400000)
 Metaspace       used 44854K, capacity 45232K, committed 45440K, reserved 1087488K
  class space    used 6291K, capacity 6411K, committed 6528K, reserved 1048576K
Event: 36.606 GC heap after
Heap after GC invocations=34 (full 4):
 PSYoungGen      total 567808K, used 71680K [0x00000000d6900000, 0x0000000100000000, 0x0000000100000000)
  eden space 468992K, 0% used [0x00000000d6900000,0x00000000d6900000,0x00000000f3300000)
  from space 98816K, 72% used [0x00000000f9f80000,0x00000000fe580260,0x0000000100000000)
  to   space 104960K, 0% used [0x00000000f3300000,0x00000000f3300000,0x00000000f9980000)
 ParOldGen       total 305152K, used 247739K [0x0000000083a00000, 0x0000000096400000, 0x00000000d6900000)
  object space 305152K, 81% used [0x0000000083a00000,0x0000000092beee10,0x0000000096400000)
 Metaspace       used 44854K, capacity 45232K, committed 45440K, reserved 1087488K
  class space    used 6291K, capacity 6411K, committed 6528K, reserved 1048576K
}
Event: 43.410 GC heap before
{Heap before GC invocations=35 (full 4):
 PSYoungGen      total 567808K, used 540672K [0x00000000d6900000, 0x0000000100000000, 0x0000000100000000)
  eden space 468992K, 100% used [0x00000000d6900000,0x00000000f3300000,0x00000000f3300000)
  from space 98816K, 72% used [0x00000000f9f80000,0x00000000fe580260,0x0000000100000000)
  to   space 104960K, 0% used [0x00000000f3300000,0x00000000f3300000,0x00000000f9980000)
 ParOldGen       total 305152K, used 247739K [0x0000000083a00000, 0x0000000096400000, 0x00000000d6900000)
  object space 305152K, 81% used [0x0000000083a00000,0x0000000092beee10,0x0000000096400000)
 Metaspace       used 44880K, capacity 45296K, committed 45696K, reserved 1089536K
  class space    used 6291K, capacity 6411K, committed 6528K, reserved 1048576K
Event: 43.504 GC heap after
Heap after GC invocations=35 (full 4):
 PSYoungGen      total 544768K, used 75276K [0x00000000d6900000, 0x0000000100000000, 0x0000000100000000)
  eden space 468992K, 0% used [0x00000000d6900000,0x00000000d6900000,0x00000000f3300000)
  from space 75776K, 99% used [0x00000000f3300000,0x00000000f7c83210,0x00000000f7d00000)
  to   space 110592K, 0% used [0x00000000f9400000,0x00000000f9400000,0x0000000100000000)
 ParOldGen       total 305152K, used 267067K [0x0000000083a00000, 0x0000000096400000, 0x00000000d6900000)
  object space 305152K, 87% used [0x0000000083a00000,0x0000000093ecee10,0x0000000096400000)
 Metaspace       used 44880K, capacity 45296K, committed 45696K, reserved 1089536K
  class space    used 6291K, capacity 6411K, committed 6528K, reserved 1048576K
}

Deoptimization events (10 events):
Event: 9.696 Thread 0x000000001b781000 Uncommon trap: reason=null_check action=make_not_entrant pc=0x0000000002beca18 method=java.nio.charset.CoderResult$Cache.get(I)Ljava/nio/charset/CoderResult; @ 69
Event: 9.696 Thread 0x000000001b781000 Uncommon trap: reason=null_check action=make_not_entrant pc=0x0000000002cf1ff8 method=java.nio.charset.CoderResult$Cache.get(I)Ljava/nio/charset/CoderResult; @ 69
Event: 9.786 Thread 0x000000001a8cb000 Uncommon trap: reason=unstable_if action=reinterpret pc=0x0000000003292ec4 method=ImageUtils$.matToString(Lorg/bytedeco/javacpp/opencv_core$Mat;)Lscala/collection/immutable/List; @ 195
Event: 9.862 Thread 0x000000001a8cb000 Uncommon trap: reason=predicate action=maybe_recompile pc=0x0000000002d4e6fc method=java.util.LinkedList.toArray([Ljava/lang/Object;)[Ljava/lang/Object; @ 45
Event: 9.933 Thread 0x000000001b781000 Uncommon trap: reason=array_check action=maybe_recompile pc=0x0000000002d4ad8c method=java.util.LinkedList.toArray([Ljava/lang/Object;)[Ljava/lang/Object; @ 55
Event: 9.933 Thread 0x000000001b781000 Uncommon trap: reason=array_check action=maybe_recompile pc=0x0000000002d4ad8c method=java.util.LinkedList.toArray([Ljava/lang/Object;)[Ljava/lang/Object; @ 55
Event: 9.933 Thread 0x000000001b781000 Uncommon trap: reason=array_check action=maybe_recompile pc=0x0000000002d4ad8c method=java.util.LinkedList.toArray([Ljava/lang/Object;)[Ljava/lang/Object; @ 55
Event: 9.933 Thread 0x000000001b781000 Uncommon trap: reason=array_check action=maybe_recompile pc=0x0000000002d4ad8c method=java.util.LinkedList.toArray([Ljava/lang/Object;)[Ljava/lang/Object; @ 55
Event: 16.286 Thread 0x000000001a8cb000 Uncommon trap: reason=unstable_if action=reinterpret pc=0x0000000002cb8ed4 method=sun.nio.cs.UTF_8$Decoder.decodeArrayLoop(Ljava/nio/ByteBuffer;Ljava/nio/CharBuffer;)Ljava/nio/charset/CoderResult; @ 447
Event: 29.784 Thread 0x000000001b521800 Uncommon trap: reason=unstable_if action=reinterpret pc=0x00000000035997d8 method=scala.concurrent.forkjoin.ForkJoinPool.scan(Lscala/concurrent/forkjoin/ForkJoinPool$WorkQueue;)Lscala/concurrent/forkjoin/ForkJoinTask; @ 204

Internal exceptions (10 events):
Event: 4.732 Thread 0x00000000199e8000 Exception <a 'java/lang/NoSuchMethodError': <clinit>> (0x00000000dbc2bfe0) thrown at [C:\re\workspace\8-2-build-windows-amd64-cygwin\jdk8u121\8372\hotspot\src\share\vm\prims\jni.cpp, line 1613]
Event: 4.733 Thread 0x00000000199e8000 Exception <a 'java/lang/NoSuchMethodError': <clinit>> (0x00000000dbc33750) thrown at [C:\re\workspace\8-2-build-windows-amd64-cygwin\jdk8u121\8372\hotspot\src\share\vm\prims\jni.cpp, line 1613]
Event: 4.796 Thread 0x000000001a8cb000 Implicit null exception at 0x00000000033387e7 to 0x000000000333b019
Event: 4.796 Thread 0x000000001b781000 Implicit null exception at 0x00000000033387e7 to 0x000000000333b019
Event: 9.696 Thread 0x000000001b781000 Implicit null exception at 0x0000000002be8417 to 0x0000000002bec9f1
Event: 9.696 Thread 0x000000001b781000 Implicit null exception at 0x0000000002cf1bc0 to 0x0000000002cf1fe9
Event: 15.185 Thread 0x000000001a8cd800 Exception <a 'java/lang/NoSuchMethodError': <clinit>> (0x00000000e471c7c0) thrown at [C:\re\workspace\8-2-build-windows-amd64-cygwin\jdk8u121\8372\hotspot\src\share\vm\prims\jni.cpp, line 1613]
Event: 15.186 Thread 0x000000001a8cd800 Exception <a 'java/lang/NoSuchMethodError': <clinit>> (0x00000000e473ad70) thrown at [C:\re\workspace\8-2-build-windows-amd64-cygwin\jdk8u121\8372\hotspot\src\share\vm\prims\jni.cpp, line 1613]
Event: 15.186 Thread 0x000000001a8cd800 Exception <a 'java/lang/NoSuchMethodError': <clinit>> (0x00000000e474b940) thrown at [C:\re\workspace\8-2-build-windows-amd64-cygwin\jdk8u121\8372\hotspot\src\share\vm\prims\jni.cpp, line 1613]
Event: 15.188 Thread 0x000000001a8cd800 Exception <a 'java/lang/NoSuchMethodError': <clinit>> (0x00000000e4773ad0) thrown at [C:\re\workspace\8-2-build-windows-amd64-cygwin\jdk8u121\8372\hotspot\src\share\vm\prims\jni.cpp, line 1613]

Events (10 events):
Event: 43.810 Thread 0x000000001a8cb000 DEOPT PACKING pc=0x0000000002c097dd sp=0x0000000023d4dd10
Event: 43.810 Thread 0x000000001a8cb000 DEOPT UNPACKING pc=0x0000000002a7787f sp=0x0000000023d4da50 mode 0
Event: 43.810 Thread 0x000000001a8cb000 DEOPT PACKING pc=0x0000000002c097dd sp=0x0000000023d4dd10
Event: 43.811 Thread 0x000000001a8cb000 DEOPT UNPACKING pc=0x0000000002a7787f sp=0x0000000023d4da50 mode 0
Event: 43.811 Thread 0x000000001a8cb000 DEOPT PACKING pc=0x0000000002c097dd sp=0x0000000023d4dd10
Event: 43.811 Thread 0x000000001a8cb000 DEOPT UNPACKING pc=0x0000000002a7787f sp=0x0000000023d4da50 mode 0
Event: 43.811 Thread 0x000000001a8cb000 DEOPT PACKING pc=0x0000000002c097dd sp=0x0000000023d4dd10
Event: 43.811 Thread 0x000000001a8cb000 DEOPT UNPACKING pc=0x0000000002a7787f sp=0x0000000023d4da50 mode 0
Event: 43.812 Thread 0x000000001a8cb000 DEOPT PACKING pc=0x0000000002c097dd sp=0x0000000023d4dd10
Event: 43.812 Thread 0x000000001a8cb000 DEOPT UNPACKING pc=0x0000000002a7787f sp=0x0000000023d4da50 mode 0


Dynamic libraries:
0x00007ff719840000 - 0x00007ff719877000 	C:\Program Files\Java\jdk1.8.0_121\bin\java.exe
0x00007fff6b020000 - 0x00007fff6b1f1000 	C:\Windows\SYSTEM32\ntdll.dll
0x00007fff698b0000 - 0x00007fff6995b000 	C:\Windows\System32\KERNEL32.DLL
0x00007fff682e0000 - 0x00007fff684fd000 	C:\Windows\System32\KERNELBASE.dll
0x00007fff693e0000 - 0x00007fff69482000 	C:\Windows\System32\ADVAPI32.dll
0x00007fff68980000 - 0x00007fff68a1e000 	C:\Windows\System32\msvcrt.dll
0x00007fff69490000 - 0x00007fff694e9000 	C:\Windows\System32\sechost.dll
0x00007fff68670000 - 0x00007fff68791000 	C:\Windows\System32\RPCRT4.dll
0x00007fff694f0000 - 0x00007fff69655000 	C:\Windows\System32\USER32.dll
0x00007fff67e30000 - 0x00007fff67e4e000 	C:\Windows\System32\win32u.dll
0x00007fff68ef0000 - 0x00007fff68f24000 	C:\Windows\System32\GDI32.dll
0x00007fff67ca0000 - 0x00007fff67e22000 	C:\Windows\System32\gdi32full.dll
0x00007fff570a0000 - 0x00007fff57319000 	C:\Windows\WinSxS\amd64_microsoft.windows.common-controls_6595b64144ccf1df_6.0.14393.447_none_42191651c6827bb3\COMCTL32.dll
0x00007fff68f30000 - 0x00007fff691f8000 	C:\Windows\System32\combase.dll
0x00007fff68090000 - 0x00007fff68185000 	C:\Windows\System32\ucrtbase.dll
0x00007fff68020000 - 0x00007fff6808a000 	C:\Windows\System32\bcryptPrimitives.dll
0x00007fff68950000 - 0x00007fff6897e000 	C:\Windows\System32\IMM32.DLL
0x000000005a920000 - 0x000000005a9f2000 	C:\Program Files\Java\jdk1.8.0_121\jre\bin\msvcr100.dll
0x000000005a080000 - 0x000000005a91b000 	C:\Program Files\Java\jdk1.8.0_121\jre\bin\server\jvm.dll
0x00007fff68940000 - 0x00007fff68948000 	C:\Windows\System32\PSAPI.DLL
0x00007fff58f40000 - 0x00007fff58f49000 	C:\Windows\SYSTEM32\WSOCK32.dll
0x00007fff65800000 - 0x00007fff65823000 	C:\Windows\SYSTEM32\WINMM.dll
0x00007fff5c840000 - 0x00007fff5c84a000 	C:\Windows\SYSTEM32\VERSION.dll
0x00007fff6afb0000 - 0x00007fff6b01a000 	C:\Windows\System32\WS2_32.dll
0x00007fff657a0000 - 0x00007fff657cb000 	C:\Windows\SYSTEM32\WINMMBASE.dll
0x00007fff67570000 - 0x00007fff675b2000 	C:\Windows\System32\cfgmgr32.dll
0x000000005c200000 - 0x000000005c20f000 	C:\Program Files\Java\jdk1.8.0_121\jre\bin\verify.dll
0x000000005c1d0000 - 0x000000005c1f9000 	C:\Program Files\Java\jdk1.8.0_121\jre\bin\java.dll
0x000000005c1b0000 - 0x000000005c1c6000 	C:\Program Files\Java\jdk1.8.0_121\jre\bin\zip.dll
0x00007fff69aa0000 - 0x00007fff6afa9000 	C:\Windows\System32\SHELL32.dll
0x00007fff675c0000 - 0x00007fff67c9a000 	C:\Windows\System32\windows.storage.dll
0x00007fff674c0000 - 0x00007fff6750c000 	C:\Windows\System32\powrprof.dll
0x00007fff69660000 - 0x00007fff696b2000 	C:\Windows\System32\shlwapi.dll
0x00007fff67480000 - 0x00007fff6748f000 	C:\Windows\System32\kernel.appcore.dll
0x00007fff68190000 - 0x00007fff68239000 	C:\Windows\System32\shcore.dll
0x00007fff67490000 - 0x00007fff674a4000 	C:\Windows\System32\profapi.dll
0x00007fff655e0000 - 0x00007fff655f0000 	C:\Program Files (x86)\JetBrains\IntelliJ IDEA Community Edition 2016.3.4\bin\breakgen64.dll
0x000000005c190000 - 0x000000005c1aa000 	C:\Program Files\Java\jdk1.8.0_121\jre\bin\net.dll
0x00007fff66db0000 - 0x00007fff66e0c000 	C:\Windows\system32\mswsock.dll
0x00007fff66f50000 - 0x00007fff66f67000 	C:\Windows\SYSTEM32\CRYPTSP.dll
0x00007fff669c0000 - 0x00007fff669f3000 	C:\Windows\system32\rsaenh.dll
0x00007fff67060000 - 0x00007fff6708b000 	C:\Windows\SYSTEM32\bcrypt.dll
0x00007fff66c30000 - 0x00007fff66c4f000 	C:\Windows\SYSTEM32\USERENV.dll
0x00007fff66f70000 - 0x00007fff66f7b000 	C:\Windows\SYSTEM32\CRYPTBASE.dll
0x00007fff66b40000 - 0x00007fff66b78000 	C:\Windows\SYSTEM32\IPHLPAPI.DLL
0x00007fff69260000 - 0x00007fff69268000 	C:\Windows\System32\NSI.dll
0x00007fff5f2e0000 - 0x00007fff5f2f6000 	C:\Windows\SYSTEM32\dhcpcsvc6.DLL
0x00007fff5f420000 - 0x00007fff5f43a000 	C:\Windows\SYSTEM32\dhcpcsvc.DLL
0x000000005a060000 - 0x000000005a071000 	C:\Program Files\Java\jdk1.8.0_121\jre\bin\nio.dll
0x000000005d430000 - 0x000000005d43d000 	C:\Program Files\Java\jdk1.8.0_121\jre\bin\management.dll
0x000000005d420000 - 0x000000005d429000 	C:\Program Files\Java\jdk1.8.0_121\jre\bin\w2k_lsa_auth.dll
0x00007fff5be00000 - 0x00007fff5be0c000 	C:\Windows\SYSTEM32\Secur32.dll
0x00007fff67180000 - 0x00007fff671ac000 	C:\Windows\SYSTEM32\SSPICLI.DLL
0x000000005d3d0000 - 0x000000005d3d9000 	C:\Program Files\Java\jdk1.8.0_121\jre\bin\jaas_nt.dll
0x00007fff57620000 - 0x00007fff57636000 	C:\Windows\system32\napinsp.dll
0x00007fff57600000 - 0x00007fff5761a000 	C:\Windows\system32\pnrpnsp.dll
0x00007fff64a80000 - 0x00007fff64a98000 	C:\Windows\system32\NLAapi.dll
0x00007fff66b80000 - 0x00007fff66c20000 	C:\Windows\SYSTEM32\DNSAPI.dll
0x00007fff5c5a0000 - 0x00007fff5c5ae000 	C:\Windows\System32\winrnr.dll
0x00007fff617b0000 - 0x00007fff617c5000 	C:\Windows\System32\wshbth.dll
0x00007fff5a240000 - 0x00007fff5a24a000 	C:\Windows\System32\rasadhlp.dll
0x00007fff5ea10000 - 0x00007fff5ea7a000 	C:\Windows\System32\fwpuclnt.dll
0x000000005d3a0000 - 0x000000005d3c4000 	C:\Program Files\Java\jdk1.8.0_121\jre\bin\sunec.dll
0x00007fff61880000 - 0x00007fff6188b000 	C:\Windows\SYSTEM32\WINNSI.DLL
0x0000000070280000 - 0x00000000702a9000 	C:\Users\pru\AppData\Local\Temp\snappy-1.1.2-5c783460-b465-4691-9bf7-b07e0e02126b-snappyjava.dll
0x000000005cd70000 - 0x000000005ce41000 	C:\Users\pru\AppData\Local\Temp\javacpp341944319545777\msvcr100.dll
0x000000005d300000 - 0x000000005d398000 	C:\Users\pru\AppData\Local\Temp\javacpp341944319545777\msvcp100.dll
0x00007fff37dd0000 - 0x00007fff38050000 	C:\Users\pru\AppData\Local\Temp\javacpp341944319545777\opencv_core2411.dll
0x00007fff3b040000 - 0x00007fff3b232000 	C:\Users\pru\AppData\Local\Temp\javacpp341944319545777\jniopencv_core.dll
0x00007fff361f0000 - 0x00007fff364b1000 	C:\Users\pru\AppData\Local\Temp\javacpp341944319545777\opencv_imgproc2411.dll
0x00007fff44310000 - 0x00007fff443b8000 	C:\Users\pru\AppData\Local\Temp\javacpp341944319545777\jniopencv_imgproc.dll
0x0000000066840000 - 0x00000000676b4000 	C:\Users\pru\AppData\Local\Temp\javacpp341944319545777\opencv_ffmpeg2411_64.dll
0x00007fff35fa0000 - 0x00007fff361ee000 	C:\Users\pru\AppData\Local\Temp\javacpp341944319545777\opencv_highgui2411.dll
0x00007fff69960000 - 0x00007fff69a97000 	C:\Windows\System32\ole32.dll
0x00007fff685b0000 - 0x00007fff6866f000 	C:\Windows\System32\OLEAUT32.dll
0x00007fff68240000 - 0x00007fff682dc000 	C:\Windows\System32\msvcp_win.dll
0x00007fff61900000 - 0x00007fff61918000 	C:\Windows\SYSTEM32\AVICAP32.dll
0x00007fff5e790000 - 0x00007fff5e7b9000 	C:\Windows\SYSTEM32\MSVFW32.dll
0x00007fff5e870000 - 0x00007fff5e890000 	C:\Windows\SYSTEM32\AVIFIL32.dll
0x00007fff349a0000 - 0x00007fff349bc000 	C:\Windows\SYSTEM32\MSACM32.dll
0x00007fff5d620000 - 0x00007fff5d671000 	C:\Users\pru\AppData\Local\Temp\javacpp341944319545777\jniopencv_highgui.dll
0x00007fff477a0000 - 0x00007fff47838000 	C:\Users\pru\AppData\Local\Temp\javacpp341944319545777\opencv_flann2411.dll
0x00007fff5e7e0000 - 0x00007fff5e7fc000 	C:\Users\pru\AppData\Local\Temp\javacpp341944319545777\jniopencv_flann.dll
0x00007fff3c6d0000 - 0x00007fff3c7aa000 	C:\Users\pru\AppData\Local\Temp\javacpp341944319545777\opencv_features2d2411.dll
0x00007fff5d540000 - 0x00007fff5d5a5000 	C:\Users\pru\AppData\Local\Temp\javacpp341944319545777\jniopencv_features2d.dll
0x00007fff3bcf0000 - 0x00007fff3be25000 	C:\Users\pru\AppData\Local\Temp\javacpp341944319545777\opencv_calib3d2411.dll
0x00007fff5c6a0000 - 0x00007fff5c6eb000 	C:\Users\pru\AppData\Local\Temp\javacpp341944319545777\jniopencv_calib3d.dll
0x00007fff3b7a0000 - 0x00007fff3b86b000 	C:\Users\pru\AppData\Local\Temp\javacpp341944319545777\opencv_objdetect2411.dll
0x00007fff56fe0000 - 0x00007fff5704d000 	C:\Users\pru\AppData\Local\Temp\javacpp341944319545777\jniopencv_objdetect.dll
0x00007fff543a0000 - 0x00007fff543df000 	C:\Users\pru\AppData\Local\Temp\javacpp341944319545777\opencv_photo2411.dll
0x00007fff65520000 - 0x00007fff6552d000 	C:\Users\pru\AppData\Local\Temp\javacpp341944319545777\jniopencv_photo.dll
0x00007fff43ce0000 - 0x00007fff43d76000 	C:\Users\pru\AppData\Local\Temp\javacpp341944319545777\opencv_ml2411.dll
0x00007fff42c00000 - 0x00007fff42c9e000 	C:\Users\pru\AppData\Local\Temp\javacpp341944319545777\jniopencv_ml.dll
0x00007fff47a90000 - 0x00007fff47b03000 	C:\Users\pru\AppData\Local\Temp\javacpp341944319545777\opencv_video2411.dll
0x00007fff5d840000 - 0x00007fff5d868000 	C:\Users\pru\AppData\Local\Temp\javacpp341944319545777\jniopencv_video.dll
0x00007fff39a60000 - 0x00007fff39bd0000 	C:\Users\pru\AppData\Local\Temp\javacpp341944319545777\opencv_legacy2411.dll
0x00007fff35e20000 - 0x00007fff35f9a000 	C:\Users\pru\AppData\Local\Temp\javacpp341944319545777\jniopencv_legacy.dll
0x00007fff47550000 - 0x00007fff475cd000 	C:\Users\pru\AppData\Local\Temp\javacpp341944319545777\opencv_gpu2411.dll
0x00007fff2f820000 - 0x00007fff2fb15000 	C:\Users\pru\AppData\Local\Temp\javacpp341944319545777\opencv_ocl2411.dll
0x00007fff3df50000 - 0x00007fff3dff6000 	C:\Users\pru\AppData\Local\Temp\javacpp341944319545777\opencv_nonfree2411.dll
0x00007fff5dc30000 - 0x00007fff5dc41000 	C:\Users\pru\AppData\Local\Temp\javacpp341944319545777\jniopencv_nonfree.dll
0x00007fff56370000 - 0x00007fff56502000 	C:\Windows\SYSTEM32\dbghelp.dll

VM Arguments:
jvm_args: -Didea.launcher.port=7537 -Didea.launcher.bin.path=C:\Program Files (x86)\JetBrains\IntelliJ IDEA Community Edition 2016.3.4\bin -Dfile.encoding=UTF-8 
java_command: com.intellij.rt.execution.application.AppMain IPApp
java_class_path (initial): C:\Program Files\Java\jdk1.8.0_121\jre\lib\charsets.jar;C:\Program Files\Java\jdk1.8.0_121\jre\lib\deploy.jar;C:\Program Files\Java\jdk1.8.0_121\jre\lib\ext\access-bridge-64.jar;C:\Program Files\Java\jdk1.8.0_121\jre\lib\ext\cldrdata.jar;C:\Program Files\Java\jdk1.8.0_121\jre\lib\ext\dnsns.jar;C:\Program Files\Java\jdk1.8.0_121\jre\lib\ext\jaccess.jar;C:\Program Files\Java\jdk1.8.0_121\jre\lib\ext\jfxrt.jar;C:\Program Files\Java\jdk1.8.0_121\jre\lib\ext\localedata.jar;C:\Program Files\Java\jdk1.8.0_121\jre\lib\ext\nashorn.jar;C:\Program Files\Java\jdk1.8.0_121\jre\lib\ext\sunec.jar;C:\Program Files\Java\jdk1.8.0_121\jre\lib\ext\sunjce_provider.jar;C:\Program Files\Java\jdk1.8.0_121\jre\lib\ext\sunmscapi.jar;C:\Program Files\Java\jdk1.8.0_121\jre\lib\ext\sunpkcs11.jar;C:\Program Files\Java\jdk1.8.0_121\jre\lib\ext\zipfs.jar;C:\Program Files\Java\jdk1.8.0_121\jre\lib\javaws.jar;C:\Program Files\Java\jdk1.8.0_121\jre\lib\jce.jar;C:\Program Files\Java\jdk1.8.0_121\jre\lib\jfr.jar;C:\Program Files\Java\jdk1.8.0_121\jre\lib\jfxswt.jar;C:\Program Files\Java\jdk1.8.0_121\jre\lib\jsse.jar;C:\Program Files\Java\jdk1.8.0_121\jre\lib\management-agent.jar;C:\Program Files\Java\jdk1.8.0_121\jre\lib\plugin.jar;C:\Program Files\Java\jdk1.8.0_121\jre\lib\resources.jar;C:\Program Files\Java\jdk1.8.0_121\jre\lib\rt.jar;C:\Users\pru\Desktop\big data apps\lab4\CS5542-Tutorial4-SourceCode\image_classification\target\scala-2.11\classes;C:\Users\pru\.ivy2\cache\org.scala-lang\scala-library\jars\scala-library-2.11.8.jar;C:\Users\pru\.ivy2\cache\org.codehaus.jackson\jackson-xc\jars\jackson-xc-1.8.8.jar;C:\Users\pru\.ivy2\cache\org.codehaus.jackson\jackson-jaxrs\jars\jackson-jaxrs-1.8.8.jar;C:\Users\pru\.ivy2\cache\commons-net\commons-net\jars\commons-net-3.1.jar;C:\Users\pru\.ivy2\cache\asm\asm\jars\asm-3.2.jar;C:\Users\pru\.ivy2\cache\org.bytedeco\javacpp\maven-plugins\javacpp-0.11.jar;C:\Users\pru\.ivy2\cache\xmlenc\xmlenc\jars\xmlenc-0.52.jar;C:\Users\pru\.ivy
Launcher Type: SUN_STANDARD

Environment Variables:
PATH=C:\ProgramData\Oracle\Java\javapath;C:\Program Files (x86)\Intel\iCLS Client\;C:\Program Files\Intel\iCLS Client\;C:\Windows\system32;C:\Windows;C:\Windows\System32\Wbem;C:\Windows\System32\WindowsPowerShell\v1.0\;C:\Program Files (x86)\Intel\Intel(R) Management Engine Components\DAL;C:\Program Files\Intel\Intel(R) Management Engine Components\DAL;C:\Program Files (x86)\Intel\Intel(R) Management Engine Components\IPT;C:\Program Files\Intel\Intel(R) Management Engine Components\IPT;C:\Program Files (x86)\NVIDIA Corporation\PhysX\Common;C:\Program Files\Intel\WiFi\bin\;C:\Program Files\Common Files\Intel\WirelessCommon\;C:\Program Files\MATLAB\R2015b\runtime\win64;C:\Program Files\MATLAB\R2015b\bin;C:\Program Files\MATLAB\R2015b\polyspace\bin;C:\Users\pru\AppData\Local\Microsoft\WindowsApps;C:\Program Files\Intel\WiFi\bin\;C:\Program Files\Common Files\Intel\WirelessCommon\;C:\Program Files\Heroku\bin
USERNAME=pru
OS=Windows_NT
PROCESSOR_IDENTIFIER=Intel64 Family 6 Model 94 Stepping 3, GenuineIntel



---------------  S Y S T E M  ---------------

OS: Windows 10.0 , 64 bit Build 14393 (10.0.14393.0)

CPU:total 4 (4 cores per cpu, 1 threads per core) family 6 model 94 stepping 3, cmov, cx8, fxsr, mmx, sse, sse2, sse3, ssse3, sse4.1, sse4.2, popcnt, avx, avx2, aes, clmul, erms, rtm, 3dnowpref, lzcnt, tsc, tscinvbit, bmi1, bmi2, adx

Memory: 4k page, physical 8144364k(1339176k free), swap 29152072k(3261944k free)

vm_info: Java HotSpot(TM) 64-Bit Server VM (25.121-b13) for windows-amd64 JRE (1.8.0_121-b13), built on Dec 12 2016 18:21:36 by "java_re" with MS VC++ 10.0 (VS2010)

time: Wed Feb 15 21:43:35 2017
elapsed time: 43 seconds (0d 0h 0m 43s)

