#
# A fatal error has been detected by the Java Runtime Environment:
#
#  EXCEPTION_ACCESS_VIOLATION (0xc0000005) at pc=0x0000000003a2b734, pid=8792, tid=0x0000000000001fbc
#
# JRE version: Java(TM) SE Runtime Environment (8.0_121-b13) (build 1.8.0_121-b13)
# Java VM: Java HotSpot(TM) 64-Bit Server VM (25.121-b13 mixed mode windows-amd64 compressed oops)
# Problematic frame:
# J 3566 C2 ImageUtils$.matToString(Lorg/bytedeco/javacpp/opencv_core$Mat;)Lscala/collection/immutable/List; (217 bytes) @ 0x0000000003a2b734 [0x0000000003a2a320+0x1414]
#
# Failed to write core dump. Minidumps are not enabled by default on client versions of Windows
#
# If you would like to submit a bug report, please visit:
#   http://bugreport.java.com/bugreport/crash.jsp
#

---------------  T H R E A D  ---------------

Current thread (0x000000001c1a6000):  JavaThread "Executor task launch worker-0" daemon [_thread_in_Java, id=8124, stack(0x00000000254c0000,0x00000000255c0000)]

siginfo: ExceptionCode=0xc0000005, reading address 0x000000002c301cdc

Registers:
RAX=0x0000000000000005, RBX=0x0000000000000004, RCX=0x000000000004a080, RDX=0x00000000255be830
RSP=0x00000000255be850, RBP=0x00000000ffffffff, RSI=0x0000000000000006, RDI=0x0000000084416e60
R8 =0x00000000f2e72890, R9 =0x00000000f2e723c0, R10=0x000000002c301cdc, R11=0x000000002c301cdc
R12=0x0000000000000000, R13=0x0000000000000005, R14=0x00000000255be830, R15=0x000000001c1a6000
RIP=0x0000000003a2b734, EFLAGS=0x0000000000010202

Top of Stack: (sp=0x00000000255be850)
0x00000000255be850:   00000000ee50d6d0 0000000084416eb8
0x00000000255be860:   00000000233e7c78 0000000000000000
0x00000000255be870:   00000000d7315558 000000010000da58
0x00000000255be880:   000008de00000023 00000000f2e723a8
0x00000000255be890:   0000000083d86348 00000000f2e723c0
0x00000000255be8a0:   0000007f00000080 00046f2300000080
0x00000000255be8b0:   0000094000000941 000000a300000941
0x00000000255be8c0:   0000000000000006 d73158e8d7315558
0x00000000255be8d0:   7ff8000000000000 0000000000000006
0x00000000255be8e0:   0000000083a48d68 0000000000000023
0x00000000255be8f0:   0011bc0000000020 00000000d7315918
0x00000000255be900:   00000000d7315558 0000011eee69a8a8
0x00000000255be910:   00000000d7315918 0000000000000010
0x00000000255be920:   00000010ee69aa00 0000000000000010
0x00000000255be930:   00000000ee69aa48 0000000000000010
0x00000000255be940:   00000000ee69aba0 00000000ee50d438 

Instructions: (pc=0x0000000003a2b734)
0x0000000003a2b714:   59 20 00 00 44 3b d1 0f 8d ec 20 00 00 4d 8b 50
0x0000000003a2b724:   10 4c 63 5c 24 5c 49 c1 e3 02 4d 03 da 4d 8b d3
0x0000000003a2b734:   c4 c1 7a 5a 02 e9 a4 f1 ff ff 48 8b 54 24 48 48
0x0000000003a2b744:   bd 58 8d a4 83 00 00 00 00 66 90 e8 4c aa 61 ff 


Register to memory mapping:

RAX=0x0000000000000005 is an unknown value
RBX=0x0000000000000004 is an unknown value
RCX=0x000000000004a080 is an unknown value
RDX=0x00000000255be830 is pointing into the stack for thread: 0x000000001c1a6000
RSP=0x00000000255be850 is pointing into the stack for thread: 0x000000001c1a6000
RBP=0x00000000ffffffff is an unknown value
RSI=0x0000000000000006 is an unknown value
RDI=0x0000000084416e60 is pointing into object: 0x0000000084416e50
[C 
 - klass: {type array char}
 - length: 26
R8 =0x00000000f2e72890 is an oop
java.nio.DirectFloatBufferU 
 - klass: 'java/nio/DirectFloatBufferU'
R9 =0x00000000f2e723c0 is an oop
org.bytedeco.javacpp.opencv_core$CvMat 
 - klass: 'org/bytedeco/javacpp/opencv_core$CvMat'
R10=0x000000002c301cdc is an unknown value
R11=0x000000002c301cdc is an unknown value
R12=0x0000000000000000 is an unknown value
R13=0x0000000000000005 is an unknown value
R14=0x00000000255be830 is pointing into the stack for thread: 0x000000001c1a6000
R15=0x000000001c1a6000 is a thread


Stack: [0x00000000254c0000,0x00000000255c0000],  sp=0x00000000255be850,  free space=1018k
Native frames: (J=compiled Java code, j=interpreted, Vv=VM code, C=native code)
C  0x0000000003a2b734


---------------  P R O C E S S  ---------------

Java Threads: ( => current thread )
  0x000000001c1a4800 JavaThread "Executor task launch worker-1" daemon [_thread_in_Java, id=5728, stack(0x00000000255c0000,0x00000000256c0000)]
=>0x000000001c1a6000 JavaThread "Executor task launch worker-0" daemon [_thread_in_Java, id=8124, stack(0x00000000254c0000,0x00000000255c0000)]
  0x000000001afa6800 JavaThread "SparkListenerBus" daemon [_thread_blocked, id=13520, stack(0x0000000024fc0000,0x00000000250c0000)]
  0x000000001afa8000 JavaThread "context-cleaner-periodic-gc" daemon [_thread_blocked, id=6748, stack(0x0000000024ec0000,0x0000000024fc0000)]
  0x000000001afa9800 JavaThread "Spark Context Cleaner" daemon [_thread_blocked, id=10068, stack(0x0000000024dc0000,0x0000000024ec0000)]
  0x000000001afa7000 JavaThread "shuffle-server-0" daemon [_thread_in_native, id=11972, stack(0x0000000023cf0000,0x0000000023df0000)]
  0x000000001afa5800 JavaThread "driver-heartbeater" daemon [_thread_blocked, id=8032, stack(0x0000000023bf0000,0x0000000023cf0000)]
  0x000000001af9e000 JavaThread "dag-scheduler-event-loop" daemon [_thread_blocked, id=11492, stack(0x0000000023af0000,0x0000000023bf0000)]
  0x000000001afa5000 JavaThread "netty-rpc-env-timeout" daemon [_thread_blocked, id=5948, stack(0x00000000239f0000,0x0000000023af0000)]
  0x000000001af9d800 JavaThread "Timer-0" daemon [_thread_blocked, id=10368, stack(0x0000000023700000,0x0000000023800000)]
  0x000000001afa4000 JavaThread "heartbeat-receiver-event-loop-thread" daemon [_thread_blocked, id=11808, stack(0x0000000023600000,0x0000000023700000)]
  0x000000001afa3800 JavaThread "qtp1690050988-53" daemon [_thread_blocked, id=6588, stack(0x0000000022c10000,0x0000000022d10000)]
  0x000000001afa2800 JavaThread "qtp1690050988-52" daemon [_thread_blocked, id=7332, stack(0x0000000022b10000,0x0000000022c10000)]
  0x000000001afa2000 JavaThread "qtp1690050988-51" daemon [_thread_blocked, id=7192, stack(0x0000000022a10000,0x0000000022b10000)]
  0x000000001af9a800 JavaThread "qtp1690050988-50" daemon [_thread_blocked, id=12840, stack(0x0000000022910000,0x0000000022a10000)]
  0x000000001afa1000 JavaThread "qtp1690050988-49" daemon [_thread_blocked, id=4528, stack(0x0000000022810000,0x0000000022910000)]
  0x000000001af9f000 JavaThread "qtp1690050988-48" daemon [_thread_blocked, id=12080, stack(0x0000000022710000,0x0000000022810000)]
  0x000000001af9b000 JavaThread "qtp1690050988-47 Acceptor0 SelectChannelConnector@0.0.0.0:4040" daemon [_thread_in_native, id=10072, stack(0x0000000022610000,0x0000000022710000)]
  0x000000001afa0800 JavaThread "qtp1690050988-46 Selector0" daemon [_thread_in_native, id=8680, stack(0x0000000022510000,0x0000000022610000)]
  0x000000001af9c000 JavaThread "refresh progress" daemon [_thread_blocked, id=14056, stack(0x0000000020270000,0x0000000020370000)]
  0x000000001af9f800 JavaThread "SPARK_CONTEXT cleanup timer" daemon [_thread_blocked, id=7388, stack(0x0000000020170000,0x0000000020270000)]
  0x000000001af9c800 JavaThread "BROADCAST_VARS cleanup timer" daemon [_thread_blocked, id=7896, stack(0x0000000020070000,0x0000000020170000)]
  0x000000001b9b4800 JavaThread "BLOCK_MANAGER cleanup timer" daemon [_thread_blocked, id=9436, stack(0x000000001ff70000,0x0000000020070000)]
  0x000000001b9b4000 JavaThread "MAP_OUTPUT_TRACKER cleanup timer" daemon [_thread_blocked, id=12784, stack(0x000000001fc70000,0x000000001fd70000)]
  0x000000001b9b1800 JavaThread "New I/O server boss #6" daemon [_thread_in_native, id=6148, stack(0x000000001fb70000,0x000000001fc70000)]
  0x000000001b9b1000 JavaThread "New I/O worker #5" daemon [_thread_in_native, id=12352, stack(0x000000001fa70000,0x000000001fb70000)]
  0x000000001b9b2800 JavaThread "New I/O worker #4" daemon [_thread_in_native, id=13384, stack(0x000000001f970000,0x000000001fa70000)]
  0x000000001b9b3000 JavaThread "New I/O boss #3" daemon [_thread_in_native, id=4756, stack(0x000000001f870000,0x000000001f970000)]
  0x000000001b9b0000 JavaThread "New I/O worker #2" daemon [_thread_in_native, id=8468, stack(0x000000001f770000,0x000000001f870000)]
  0x000000001b9b6000 JavaThread "New I/O worker #1" daemon [_thread_in_native, id=7440, stack(0x000000001f670000,0x000000001f770000)]
  0x000000001b9b5800 JavaThread "sparkDriverActorSystem-akka.remote.default-remote-dispatcher-6" daemon [_thread_blocked, id=6548, stack(0x000000001f370000,0x000000001f470000)]
  0x000000001b9af800 JavaThread "sparkDriverActorSystem-akka.remote.default-remote-dispatcher-5" daemon [_thread_blocked, id=11244, stack(0x000000001f270000,0x000000001f370000)]
  0x000000001b05b800 JavaThread "sparkDriverActorSystem-akka.actor.default-dispatcher-4" daemon [_thread_blocked, id=9336, stack(0x000000001f170000,0x000000001f270000)]
  0x000000001ad62000 JavaThread "sparkDriverActorSystem-scheduler-1" daemon [_thread_blocked, id=3040, stack(0x000000001ee70000,0x000000001ef70000)]
  0x000000001a995000 JavaThread "shuffle-server-0" daemon [_thread_in_native, id=6436, stack(0x000000001d880000,0x000000001d980000)]
  0x00000000194cb800 JavaThread "dispatcher-event-loop-3" daemon [_thread_blocked, id=9484, stack(0x000000001d480000,0x000000001d580000)]
  0x000000001a94c800 JavaThread "dispatcher-event-loop-2" daemon [_thread_blocked, id=456, stack(0x000000001d380000,0x000000001d480000)]
  0x000000001a94b800 JavaThread "dispatcher-event-loop-1" daemon [_thread_blocked, id=9224, stack(0x000000001d280000,0x000000001d380000)]
  0x000000001a94b000 JavaThread "dispatcher-event-loop-0" daemon [_thread_blocked, id=4336, stack(0x000000001d180000,0x000000001d280000)]
  0x0000000019dec800 JavaThread "Monitor Ctrl-Break" daemon [_thread_in_native, id=7304, stack(0x000000001b150000,0x000000001b250000)]
  0x0000000017a67000 JavaThread "Service Thread" daemon [_thread_blocked, id=4948, stack(0x0000000019760000,0x0000000019860000)]
  0x0000000019270800 JavaThread "C1 CompilerThread2" daemon [_thread_blocked, id=4940, stack(0x0000000019660000,0x0000000019760000)]
  0x0000000017a58800 JavaThread "C2 CompilerThread1" daemon [_thread_blocked, id=10364, stack(0x0000000019160000,0x0000000019260000)]
  0x0000000017a1a800 JavaThread "C2 CompilerThread0" daemon [_thread_blocked, id=7140, stack(0x0000000019060000,0x0000000019160000)]
  0x0000000017a19800 JavaThread "Attach Listener" daemon [_thread_blocked, id=7728, stack(0x0000000018f60000,0x0000000019060000)]
  0x0000000017a16800 JavaThread "Signal Dispatcher" daemon [_thread_blocked, id=11444, stack(0x0000000018e60000,0x0000000018f60000)]
  0x0000000002ffe800 JavaThread "Finalizer" daemon [_thread_blocked, id=5196, stack(0x0000000018c70000,0x0000000018d70000)]
  0x00000000179d8800 JavaThread "Reference Handler" daemon [_thread_blocked, id=2504, stack(0x0000000018b70000,0x0000000018c70000)]
  0x0000000002f08000 JavaThread "main" [_thread_blocked, id=9904, stack(0x0000000002de0000,0x0000000002ee0000)]

Other Threads:
  0x00000000179d7800 VMThread [stack: 0x0000000018a70000,0x0000000018b70000] [id=4188]
  0x00000000192be000 WatcherThread [stack: 0x0000000019860000,0x0000000019960000] [id=2316]

VM state:not at safepoint (normal execution)

VM Mutex/Monitor currently owned by a thread: None

Heap:
 PSYoungGen      total 546816K, used 105152K [0x00000000d6900000, 0x0000000100000000, 0x0000000100000000)
  eden space 463872K, 4% used [0x00000000d6900000,0x00000000d7ed37f8,0x00000000f2e00000)
  from space 82944K, 99% used [0x00000000f2e00000,0x00000000f7edc820,0x00000000f7f00000)
  to   space 115712K, 0% used [0x00000000f8f00000,0x00000000f8f00000,0x0000000100000000)
 ParOldGen       total 313344K, used 229648K [0x0000000083a00000, 0x0000000096c00000, 0x00000000d6900000)
  object space 313344K, 73% used [0x0000000083a00000,0x0000000091a44050,0x0000000096c00000)
 Metaspace       used 45130K, capacity 45550K, committed 45952K, reserved 1089536K
  class space    used 6297K, capacity 6448K, committed 6528K, reserved 1048576K

Card table byte_map: [0x00000000123c0000,0x00000000127b0000] byte_map_base: 0x0000000011fa3000

Marking Bits: (ParMarkBitMap*) 0x000000005a89b6d0
 Begin Bits: [0x0000000012e50000, 0x0000000014d68000)
 End Bits:   [0x0000000014d68000, 0x0000000016c80000)

Polling page: 0x0000000002c50000

CodeCache: size=245760Kb used=13541Kb max_used=13612Kb free=232219Kb
 bounds [0x0000000003000000, 0x0000000003d70000, 0x0000000012000000]
 total_blobs=4913 nmethods=4189 adapters=636
 compilation: enabled

Compilation events (10 events):
Event: 104.536 Thread 0x0000000019270800 4973       3       java.io.ObjectStreamClass::isInstantiable (17 bytes)
Event: 104.536 Thread 0x0000000019270800 nmethod 4973 0x00000000031f0a10 code [0x00000000031f0b80, 0x00000000031f0ea8]
Event: 104.536 Thread 0x0000000019270800 4974   !   3       java.io.ObjectStreamClass::newInstance (41 bytes)
Event: 104.537 Thread 0x0000000019270800 nmethod 4974 0x00000000031f3bd0 code [0x00000000031f3d80, 0x00000000031f4358]
Event: 104.537 Thread 0x0000000019270800 4975       3       java.io.ObjectStreamClass::hasReadResolveMethod (17 bytes)
Event: 104.538 Thread 0x0000000019270800 nmethod 4975 0x00000000033751d0 code [0x0000000003375340, 0x0000000003375668]
Event: 104.538 Thread 0x0000000019270800 4976       1       org.apache.spark.util.AsynchronousListenerBus$$anon$1$$anonfun$run$1::org$apache$spark$util$AsynchronousListenerBus$$anon$$anonfun$$$outer (5 bytes)
Event: 104.538 Thread 0x0000000019270800 nmethod 4976 0x0000000003a4a2d0 code [0x0000000003a4a420, 0x0000000003a4a530]
Event: 104.538 Thread 0x0000000019270800 4977       1       org.apache.spark.util.AsynchronousListenerBus$$anon$1::org$apache$spark$util$AsynchronousListenerBus$$anon$$$outer (5 bytes)
Event: 104.538 Thread 0x0000000019270800 nmethod 4977 0x00000000038f2750 code [0x00000000038f28a0, 0x00000000038f29b0]

GC Heap History (10 events):
Event: 84.695 GC heap before
{Heap before GC invocations=31 (full 4):
 PSYoungGen      total 471552K, used 438336K [0x00000000d6900000, 0x00000000f7500000, 0x0000000100000000)
  eden space 405504K, 100% used [0x00000000d6900000,0x00000000ef500000,0x00000000ef500000)
  from space 66048K, 49% used [0x00000000f3400000,0x00000000f5410318,0x00000000f7480000)
  to   space 64512K, 0% used [0x00000000ef500000,0x00000000ef500000,0x00000000f3400000)
 ParOldGen       total 313344K, used 168802K [0x0000000083a00000, 0x0000000096c00000, 0x00000000d6900000)
  object space 313344K, 53% used [0x0000000083a00000,0x000000008ded8bb8,0x0000000096c00000)
 Metaspace       used 45038K, capacity 45410K, committed 45696K, reserved 1089536K
  class space    used 6296K, capacity 6446K, committed 6528K, reserved 1048576K
Event: 84.753 GC heap after
Heap after GC invocations=31 (full 4):
 PSYoungGen      total 470016K, used 52724K [0x00000000d6900000, 0x00000000faf00000, 0x0000000100000000)
  eden space 405504K, 0% used [0x00000000d6900000,0x00000000d6900000,0x00000000ef500000)
  from space 64512K, 81% used [0x00000000ef500000,0x00000000f287d320,0x00000000f3400000)
  to   space 70144K, 0% used [0x00000000f6a80000,0x00000000f6a80000,0x00000000faf00000)
 ParOldGen       total 313344K, used 168802K [0x0000000083a00000, 0x0000000096c00000, 0x00000000d6900000)
  object space 313344K, 53% used [0x0000000083a00000,0x000000008ded8bb8,0x0000000096c00000)
 Metaspace       used 45038K, capacity 45410K, committed 45696K, reserved 1089536K
  class space    used 6296K, capacity 6446K, committed 6528K, reserved 1048576K
}
Event: 89.318 GC heap before
{Heap before GC invocations=32 (full 4):
 PSYoungGen      total 470016K, used 458228K [0x00000000d6900000, 0x00000000faf00000, 0x0000000100000000)
  eden space 405504K, 100% used [0x00000000d6900000,0x00000000ef500000,0x00000000ef500000)
  from space 64512K, 81% used [0x00000000ef500000,0x00000000f287d320,0x00000000f3400000)
  to   space 70144K, 0% used [0x00000000f6a80000,0x00000000f6a80000,0x00000000faf00000)
 ParOldGen       total 313344K, used 168802K [0x0000000083a00000, 0x0000000096c00000, 0x00000000d6900000)
  object space 313344K, 53% used [0x0000000083a00000,0x000000008ded8bb8,0x0000000096c00000)
 Metaspace       used 45042K, capacity 45410K, committed 45696K, reserved 1089536K
  class space    used 6296K, capacity 6446K, committed 6528K, reserved 1048576K
Event: 89.407 GC heap after
Heap after GC invocations=32 (full 4):
 PSYoungGen      total 514048K, used 70142K [0x00000000d6900000, 0x00000000fca80000, 0x0000000100000000)
  eden space 443904K, 0% used [0x00000000d6900000,0x00000000d6900000,0x00000000f1a80000)
  from space 70144K, 99% used [0x00000000f6a80000,0x00000000faeff9d8,0x00000000faf00000)
  to   space 81920K, 0% used [0x00000000f1a80000,0x00000000f1a80000,0x00000000f6a80000)
 ParOldGen       total 313344K, used 170575K [0x0000000083a00000, 0x0000000096c00000, 0x00000000d6900000)
  object space 313344K, 54% used [0x0000000083a00000,0x000000008e093df0,0x0000000096c00000)
 Metaspace       used 45042K, capacity 45410K, committed 45696K, reserved 1089536K
  class space    used 6296K, capacity 6446K, committed 6528K, reserved 1048576K
}
Event: 94.356 GC heap before
{Heap before GC invocations=33 (full 4):
 PSYoungGen      total 514048K, used 514046K [0x00000000d6900000, 0x00000000fca80000, 0x0000000100000000)
  eden space 443904K, 100% used [0x00000000d6900000,0x00000000f1a80000,0x00000000f1a80000)
  from space 70144K, 99% used [0x00000000f6a80000,0x00000000faeff9d8,0x00000000faf00000)
  to   space 81920K, 0% used [0x00000000f1a80000,0x00000000f1a80000,0x00000000f6a80000)
 ParOldGen       total 313344K, used 170575K [0x0000000083a00000, 0x0000000096c00000, 0x00000000d6900000)
  object space 313344K, 54% used [0x0000000083a00000,0x000000008e093df0,0x0000000096c00000)
 Metaspace       used 45071K, capacity 45474K, committed 45696K, reserved 1089536K
  class space    used 6296K, capacity 6446K, committed 6528K, reserved 1048576K
Event: 94.440 GC heap after
Heap after GC invocations=33 (full 4):
 PSYoungGen      total 525824K, used 81893K [0x00000000d6900000, 0x0000000100000000, 0x0000000100000000)
  eden space 443904K, 0% used [0x00000000d6900000,0x00000000d6900000,0x00000000f1a80000)
  from space 81920K, 99% used [0x00000000f1a80000,0x00000000f6a795c0,0x00000000f6a80000)
  to   space 98816K, 0% used [0x00000000f9f80000,0x00000000f9f80000,0x0000000100000000)
 ParOldGen       total 313344K, used 180984K [0x0000000083a00000, 0x0000000096c00000, 0x00000000d6900000)
  object space 313344K, 57% used [0x0000000083a00000,0x000000008eabe050,0x0000000096c00000)
 Metaspace       used 45071K, capacity 45474K, committed 45696K, reserved 1089536K
  class space    used 6296K, capacity 6446K, committed 6528K, reserved 1048576K
}
Event: 99.518 GC heap before
{Heap before GC invocations=34 (full 4):
 PSYoungGen      total 525824K, used 525797K [0x00000000d6900000, 0x0000000100000000, 0x0000000100000000)
  eden space 443904K, 100% used [0x00000000d6900000,0x00000000f1a80000,0x00000000f1a80000)
  from space 81920K, 99% used [0x00000000f1a80000,0x00000000f6a795c0,0x00000000f6a80000)
  to   space 98816K, 0% used [0x00000000f9f80000,0x00000000f9f80000,0x0000000100000000)
 ParOldGen       total 313344K, used 180984K [0x0000000083a00000, 0x0000000096c00000, 0x00000000d6900000)
  object space 313344K, 57% used [0x0000000083a00000,0x000000008eabe050,0x0000000096c00000)
 Metaspace       used 45108K, capacity 45486K, committed 45696K, reserved 1089536K
  class space    used 6297K, capacity 6448K, committed 6528K, reserved 1048576K
Event: 99.623 GC heap after
Heap after GC invocations=34 (full 4):
 PSYoungGen      total 562688K, used 79660K [0x00000000d6900000, 0x0000000100000000, 0x0000000100000000)
  eden space 463872K, 0% used [0x00000000d6900000,0x00000000d6900000,0x00000000f2e00000)
  from space 98816K, 80% used [0x00000000f9f80000,0x00000000fed4b110,0x0000000100000000)
  to   space 107520K, 0% used [0x00000000f2e00000,0x00000000f2e00000,0x00000000f9700000)
 ParOldGen       total 313344K, used 209416K [0x0000000083a00000, 0x0000000096c00000, 0x00000000d6900000)
  object space 313344K, 66% used [0x0000000083a00000,0x0000000090682050,0x0000000096c00000)
 Metaspace       used 45108K, capacity 45486K, committed 45696K, reserved 1089536K
  class space    used 6297K, capacity 6448K, committed 6528K, reserved 1048576K
}
Event: 105.028 GC heap before
{Heap before GC invocations=35 (full 4):
 PSYoungGen      total 562688K, used 543532K [0x00000000d6900000, 0x0000000100000000, 0x0000000100000000)
  eden space 463872K, 100% used [0x00000000d6900000,0x00000000f2e00000,0x00000000f2e00000)
  from space 98816K, 80% used [0x00000000f9f80000,0x00000000fed4b110,0x0000000100000000)
  to   space 107520K, 0% used [0x00000000f2e00000,0x00000000f2e00000,0x00000000f9700000)
 ParOldGen       total 313344K, used 209416K [0x0000000083a00000, 0x0000000096c00000, 0x00000000d6900000)
  object space 313344K, 66% used [0x0000000083a00000,0x0000000090682050,0x0000000096c00000)
 Metaspace       used 45130K, capacity 45550K, committed 45952K, reserved 1089536K
  class space    used 6297K, capacity 6448K, committed 6528K, reserved 1048576K
Event: 105.122 GC heap after
Heap after GC invocations=35 (full 4):
 PSYoungGen      total 546816K, used 82802K [0x00000000d6900000, 0x0000000100000000, 0x0000000100000000)
  eden space 463872K, 0% used [0x00000000d6900000,0x00000000d6900000,0x00000000f2e00000)
  from space 82944K, 99% used [0x00000000f2e00000,0x00000000f7edc820,0x00000000f7f00000)
  to   space 115712K, 0% used [0x00000000f8f00000,0x00000000f8f00000,0x0000000100000000)
 ParOldGen       total 313344K, used 229648K [0x0000000083a00000, 0x0000000096c00000, 0x00000000d6900000)
  object space 313344K, 73% used [0x0000000083a00000,0x0000000091a44050,0x0000000096c00000)
 Metaspace       used 45130K, capacity 45550K, committed 45952K, reserved 1089536K
  class space    used 6297K, capacity 6448K, committed 6528K, reserved 1048576K
}

Deoptimization events (10 events):
Event: 28.484 Thread 0x000000001c1a6000 Uncommon trap: reason=unstable_if action=reinterpret pc=0x00000000039a8cf4 method=org.bytedeco.javacpp.helper.opencv_core$AbstractCvMat.getFloatBuffer()Ljava/nio/FloatBuffer; @ 4
Event: 28.541 Thread 0x000000001c1a6000 Uncommon trap: reason=unstable_if action=reinterpret pc=0x00000000039e99e8 method=ImageUtils$.matToString(Lorg/bytedeco/javacpp/opencv_core$Mat;)Lscala/collection/immutable/List; @ 195
Event: 28.797 Thread 0x000000001c1a6000 Uncommon trap: reason=unstable_if action=reinterpret pc=0x000000000376c354 method=org.bytedeco.javacpp.helper.opencv_core$AbstractCvMat.getFloatBuffer()Ljava/nio/FloatBuffer; @ 4
Event: 29.950 Thread 0x000000001c1a6000 Uncommon trap: reason=predicate action=maybe_recompile pc=0x0000000003a55efc method=java.util.LinkedList.toArray([Ljava/lang/Object;)[Ljava/lang/Object; @ 45
Event: 29.957 Thread 0x000000001c1a6000 Uncommon trap: reason=array_check action=maybe_recompile pc=0x0000000003a55acc method=java.util.LinkedList.toArray([Ljava/lang/Object;)[Ljava/lang/Object; @ 55
Event: 29.957 Thread 0x000000001c1a6000 Uncommon trap: reason=array_check action=maybe_recompile pc=0x0000000003a55acc method=java.util.LinkedList.toArray([Ljava/lang/Object;)[Ljava/lang/Object; @ 55
Event: 29.957 Thread 0x000000001c1a6000 Uncommon trap: reason=array_check action=maybe_recompile pc=0x0000000003a55acc method=java.util.LinkedList.toArray([Ljava/lang/Object;)[Ljava/lang/Object; @ 55
Event: 29.957 Thread 0x000000001c1a6000 Uncommon trap: reason=array_check action=maybe_recompile pc=0x0000000003a55acc method=java.util.LinkedList.toArray([Ljava/lang/Object;)[Ljava/lang/Object; @ 55
Event: 42.833 Thread 0x000000001ad62000 Uncommon trap: reason=unstable_if action=reinterpret pc=0x00000000031b6414 method=akka.dispatch.AbstractNodeQueue.pollNode()Lakka/dispatch/AbstractNodeQueue$Node; @ 28
Event: 49.243 Thread 0x000000001c1a6000 Uncommon trap: reason=unstable_if action=reinterpret pc=0x0000000003a09830 method=sun.nio.cs.UTF_8$Decoder.decodeArrayLoop(Ljava/nio/ByteBuffer;Ljava/nio/CharBuffer;)Ljava/nio/charset/CoderResult; @ 447

Internal exceptions (10 events):
Event: 18.664 Thread 0x000000001c1a4800 Implicit null exception at 0x000000000381a9eb to 0x000000000381d235
Event: 24.562 Thread 0x000000001afa5800 Exception <a 'java/lang/NoSuchMethodError': <clinit>> (0x00000000d6f80918) thrown at [C:\re\workspace\8-2-build-windows-amd64-cygwin\jdk8u121\8372\hotspot\src\share\vm\prims\jni.cpp, line 1613]
Event: 24.565 Thread 0x000000001afa5800 Exception <a 'java/lang/NoSuchMethodError': <clinit>> (0x00000000d6f9eee0) thrown at [C:\re\workspace\8-2-build-windows-amd64-cygwin\jdk8u121\8372\hotspot\src\share\vm\prims\jni.cpp, line 1613]
Event: 24.567 Thread 0x000000001afa5800 Exception <a 'java/lang/NoSuchMethodError': <clinit>> (0x00000000d6fafab0) thrown at [C:\re\workspace\8-2-build-windows-amd64-cygwin\jdk8u121\8372\hotspot\src\share\vm\prims\jni.cpp, line 1613]
Event: 24.572 Thread 0x000000001afa5800 Exception <a 'java/lang/NoSuchMethodError': <clinit>> (0x00000000d6fd7ba8) thrown at [C:\re\workspace\8-2-build-windows-amd64-cygwin\jdk8u121\8372\hotspot\src\share\vm\prims\jni.cpp, line 1613]
Event: 27.872 Thread 0x000000001c1a4800 Implicit null exception at 0x00000000033a58e3 to 0x00000000033a5acb
Event: 28.148 Thread 0x000000001c1a6000 Implicit null exception at 0x00000000038fc47e to 0x0000000003900d4d
Event: 28.149 Thread 0x000000001c1a6000 Implicit null exception at 0x00000000038f09c0 to 0x00000000038f0de9
Event: 28.484 Thread 0x000000001c1a6000 Implicit null exception at 0x00000000039a8b0a to 0x00000000039a8cdc
Event: 28.797 Thread 0x000000001c1a6000 Implicit null exception at 0x000000000376c2f0 to 0x000000000376c341

Events (10 events):
Event: 101.334 Thread 0x0000000019270800 flushing nmethod 0x0000000003a4a1d0
Event: 101.339 Thread 0x0000000019270800 flushing nmethod 0x0000000003a7b210
Event: 101.339 Thread 0x0000000019270800 flushing nmethod 0x0000000003ac7dd0
Event: 101.339 Thread 0x0000000019270800 flushing nmethod 0x0000000003ac8950
Event: 101.339 Thread 0x0000000019270800 flushing nmethod 0x0000000003acb010
Event: 101.339 Thread 0x0000000019270800 flushing nmethod 0x0000000003acb350
Event: 101.340 Thread 0x0000000019270800 flushing nmethod 0x0000000003bdfdd0
Event: 101.341 Thread 0x0000000019270800 flushing nmethod 0x0000000003c20050
Event: 105.028 Executing VM operation: ParallelGCFailedAllocation
Event: 105.122 Executing VM operation: ParallelGCFailedAllocation done


Dynamic libraries:
0x00007ff719840000 - 0x00007ff719877000 	C:\Program Files\Java\jdk1.8.0_121\bin\java.exe
0x00007fff6b020000 - 0x00007fff6b1f1000 	C:\Windows\SYSTEM32\ntdll.dll
0x00007fff698b0000 - 0x00007fff6995b000 	C:\Windows\System32\KERNEL32.DLL
0x00007fff682e0000 - 0x00007fff684fd000 	C:\Windows\System32\KERNELBASE.dll
0x00007fff693e0000 - 0x00007fff69482000 	C:\Windows\System32\ADVAPI32.dll
0x00007fff68980000 - 0x00007fff68a1e000 	C:\Windows\System32\msvcrt.dll
0x00007fff69490000 - 0x00007fff694e9000 	C:\Windows\System32\sechost.dll
0x00007fff68670000 - 0x00007fff68791000 	C:\Windows\System32\RPCRT4.dll
0x00007fff694f0000 - 0x00007fff69655000 	C:\Windows\System32\USER32.dll
0x00007fff67e30000 - 0x00007fff67e4e000 	C:\Windows\System32\win32u.dll
0x00007fff68ef0000 - 0x00007fff68f24000 	C:\Windows\System32\GDI32.dll
0x00007fff67ca0000 - 0x00007fff67e22000 	C:\Windows\System32\gdi32full.dll
0x00007fff570a0000 - 0x00007fff57319000 	C:\Windows\WinSxS\amd64_microsoft.windows.common-controls_6595b64144ccf1df_6.0.14393.447_none_42191651c6827bb3\COMCTL32.dll
0x00007fff68f30000 - 0x00007fff691f8000 	C:\Windows\System32\combase.dll
0x00007fff68090000 - 0x00007fff68185000 	C:\Windows\System32\ucrtbase.dll
0x00007fff68020000 - 0x00007fff6808a000 	C:\Windows\System32\bcryptPrimitives.dll
0x00007fff68950000 - 0x00007fff6897e000 	C:\Windows\System32\IMM32.DLL
0x000000005a920000 - 0x000000005a9f2000 	C:\Program Files\Java\jdk1.8.0_121\jre\bin\msvcr100.dll
0x000000005a080000 - 0x000000005a91b000 	C:\Program Files\Java\jdk1.8.0_121\jre\bin\server\jvm.dll
0x00007fff68940000 - 0x00007fff68948000 	C:\Windows\System32\PSAPI.DLL
0x00007fff58f40000 - 0x00007fff58f49000 	C:\Windows\SYSTEM32\WSOCK32.dll
0x00007fff65800000 - 0x00007fff65823000 	C:\Windows\SYSTEM32\WINMM.dll
0x00007fff6afb0000 - 0x00007fff6b01a000 	C:\Windows\System32\WS2_32.dll
0x00007fff5c840000 - 0x00007fff5c84a000 	C:\Windows\SYSTEM32\VERSION.dll
0x0000000002c20000 - 0x0000000002c4b000 	C:\Windows\SYSTEM32\WINMMBASE.dll
0x00007fff67570000 - 0x00007fff675b2000 	C:\Windows\System32\cfgmgr32.dll
0x000000005c200000 - 0x000000005c20f000 	C:\Program Files\Java\jdk1.8.0_121\jre\bin\verify.dll
0x000000005c1d0000 - 0x000000005c1f9000 	C:\Program Files\Java\jdk1.8.0_121\jre\bin\java.dll
0x000000005c1b0000 - 0x000000005c1c6000 	C:\Program Files\Java\jdk1.8.0_121\jre\bin\zip.dll
0x00007fff69aa0000 - 0x00007fff6afa9000 	C:\Windows\System32\SHELL32.dll
0x00007fff675c0000 - 0x00007fff67c9a000 	C:\Windows\System32\windows.storage.dll
0x00007fff674c0000 - 0x00007fff6750c000 	C:\Windows\System32\powrprof.dll
0x00007fff69660000 - 0x00007fff696b2000 	C:\Windows\System32\shlwapi.dll
0x00007fff67480000 - 0x00007fff6748f000 	C:\Windows\System32\kernel.appcore.dll
0x00007fff68190000 - 0x00007fff68239000 	C:\Windows\System32\shcore.dll
0x00007fff67490000 - 0x00007fff674a4000 	C:\Windows\System32\profapi.dll
0x00007fff655e0000 - 0x00007fff655f0000 	C:\Program Files (x86)\JetBrains\IntelliJ IDEA Community Edition 2016.3.4\bin\breakgen64.dll
0x000000005c190000 - 0x000000005c1aa000 	C:\Program Files\Java\jdk1.8.0_121\jre\bin\net.dll
0x00007fff66db0000 - 0x00007fff66e0c000 	C:\Windows\system32\mswsock.dll
0x00007fff66f50000 - 0x00007fff66f67000 	C:\Windows\SYSTEM32\CRYPTSP.dll
0x00007fff669c0000 - 0x00007fff669f3000 	C:\Windows\system32\rsaenh.dll
0x00007fff67060000 - 0x00007fff6708b000 	C:\Windows\SYSTEM32\bcrypt.dll
0x00007fff66c30000 - 0x00007fff66c4f000 	C:\Windows\SYSTEM32\USERENV.dll
0x00007fff66f70000 - 0x00007fff66f7b000 	C:\Windows\SYSTEM32\CRYPTBASE.dll
0x00007fff66b40000 - 0x00007fff66b78000 	C:\Windows\SYSTEM32\IPHLPAPI.DLL
0x00007fff69260000 - 0x00007fff69268000 	C:\Windows\System32\NSI.dll
0x00007fff5f2e0000 - 0x00007fff5f2f6000 	C:\Windows\SYSTEM32\dhcpcsvc6.DLL
0x00007fff5f420000 - 0x00007fff5f43a000 	C:\Windows\SYSTEM32\dhcpcsvc.DLL
0x000000005a060000 - 0x000000005a071000 	C:\Program Files\Java\jdk1.8.0_121\jre\bin\nio.dll
0x000000005d430000 - 0x000000005d43d000 	C:\Program Files\Java\jdk1.8.0_121\jre\bin\management.dll
0x000000005d420000 - 0x000000005d429000 	C:\Program Files\Java\jdk1.8.0_121\jre\bin\w2k_lsa_auth.dll
0x00007fff5be00000 - 0x00007fff5be0c000 	C:\Windows\SYSTEM32\Secur32.dll
0x00007fff67180000 - 0x00007fff671ac000 	C:\Windows\SYSTEM32\SSPICLI.DLL
0x000000005d310000 - 0x000000005d319000 	C:\Program Files\Java\jdk1.8.0_121\jre\bin\jaas_nt.dll
0x00007fff57620000 - 0x00007fff57636000 	C:\Windows\system32\napinsp.dll
0x00007fff57600000 - 0x00007fff5761a000 	C:\Windows\system32\pnrpnsp.dll
0x00007fff64a80000 - 0x00007fff64a98000 	C:\Windows\system32\NLAapi.dll
0x00007fff66b80000 - 0x00007fff66c20000 	C:\Windows\SYSTEM32\DNSAPI.dll
0x00007fff5c5a0000 - 0x00007fff5c5ae000 	C:\Windows\System32\winrnr.dll
0x00007fff617b0000 - 0x00007fff617c5000 	C:\Windows\System32\wshbth.dll
0x00007fff5a240000 - 0x00007fff5a24a000 	C:\Windows\System32\rasadhlp.dll
0x00007fff5ea10000 - 0x00007fff5ea7a000 	C:\Windows\System32\fwpuclnt.dll
0x000000005ce20000 - 0x000000005ce44000 	C:\Program Files\Java\jdk1.8.0_121\jre\bin\sunec.dll
0x00007fff61880000 - 0x00007fff6188b000 	C:\Windows\SYSTEM32\WINNSI.DLL
0x0000000070280000 - 0x00000000702a9000 	C:\Users\pru\AppData\Local\Temp\snappy-1.1.2-c3e22d84-67ba-4d0c-b0c8-0f48a199f16a-snappyjava.dll
0x000000005c620000 - 0x000000005c6f1000 	C:\Users\pru\AppData\Local\Temp\javacpp343024372392444\msvcr100.dll
0x000000005cd80000 - 0x000000005ce18000 	C:\Users\pru\AppData\Local\Temp\javacpp343024372392444\msvcp100.dll
0x00007fff37dd0000 - 0x00007fff38050000 	C:\Users\pru\AppData\Local\Temp\javacpp343024372392444\opencv_core2411.dll
0x00007fff3b040000 - 0x00007fff3b232000 	C:\Users\pru\AppData\Local\Temp\javacpp343024372392444\jniopencv_core.dll
0x00007fff361f0000 - 0x00007fff364b1000 	C:\Users\pru\AppData\Local\Temp\javacpp343024372392444\opencv_imgproc2411.dll
0x00007fff44310000 - 0x00007fff443b8000 	C:\Users\pru\AppData\Local\Temp\javacpp343024372392444\jniopencv_imgproc.dll
0x0000000066840000 - 0x00000000676b4000 	C:\Users\pru\AppData\Local\Temp\javacpp343024372392444\opencv_ffmpeg2411_64.dll
0x00007fff35fa0000 - 0x00007fff361ee000 	C:\Users\pru\AppData\Local\Temp\javacpp343024372392444\opencv_highgui2411.dll
0x00007fff69960000 - 0x00007fff69a97000 	C:\Windows\System32\ole32.dll
0x00007fff685b0000 - 0x00007fff6866f000 	C:\Windows\System32\OLEAUT32.dll
0x00007fff68240000 - 0x00007fff682dc000 	C:\Windows\System32\msvcp_win.dll
0x00007fff5e870000 - 0x00007fff5e890000 	C:\Windows\SYSTEM32\AVIFIL32.dll
0x00007fff5dc70000 - 0x00007fff5dc99000 	C:\Windows\SYSTEM32\MSVFW32.dll
0x00007fff5e7e0000 - 0x00007fff5e7f8000 	C:\Windows\SYSTEM32\AVICAP32.dll
0x00007fff349a0000 - 0x00007fff349bc000 	C:\Windows\SYSTEM32\MSACM32.dll
0x00007fff5d620000 - 0x00007fff5d671000 	C:\Users\pru\AppData\Local\Temp\javacpp343024372392444\jniopencv_highgui.dll
0x00007fff477a0000 - 0x00007fff47838000 	C:\Users\pru\AppData\Local\Temp\javacpp343024372392444\opencv_flann2411.dll
0x00007fff5dc30000 - 0x00007fff5dc4c000 	C:\Users\pru\AppData\Local\Temp\javacpp343024372392444\jniopencv_flann.dll
0x00007fff3c6d0000 - 0x00007fff3c7aa000 	C:\Users\pru\AppData\Local\Temp\javacpp343024372392444\opencv_features2d2411.dll
0x00007fff5d540000 - 0x00007fff5d5a5000 	C:\Users\pru\AppData\Local\Temp\javacpp343024372392444\jniopencv_features2d.dll
0x00007fff3bcf0000 - 0x00007fff3be25000 	C:\Users\pru\AppData\Local\Temp\javacpp343024372392444\opencv_calib3d2411.dll
0x00007fff5c6a0000 - 0x00007fff5c6eb000 	C:\Users\pru\AppData\Local\Temp\javacpp343024372392444\jniopencv_calib3d.dll
0x00007fff3b7a0000 - 0x00007fff3b86b000 	C:\Users\pru\AppData\Local\Temp\javacpp343024372392444\opencv_objdetect2411.dll
0x00007fff56fe0000 - 0x00007fff5704d000 	C:\Users\pru\AppData\Local\Temp\javacpp343024372392444\jniopencv_objdetect.dll
0x00007fff543a0000 - 0x00007fff543df000 	C:\Users\pru\AppData\Local\Temp\javacpp343024372392444\opencv_photo2411.dll
0x00007fff65520000 - 0x00007fff6552d000 	C:\Users\pru\AppData\Local\Temp\javacpp343024372392444\jniopencv_photo.dll
0x00007fff43ce0000 - 0x00007fff43d76000 	C:\Users\pru\AppData\Local\Temp\javacpp343024372392444\opencv_ml2411.dll
0x00007fff42c00000 - 0x00007fff42c9e000 	C:\Users\pru\AppData\Local\Temp\javacpp343024372392444\jniopencv_ml.dll
0x00007fff47550000 - 0x00007fff475c3000 	C:\Users\pru\AppData\Local\Temp\javacpp343024372392444\opencv_video2411.dll
0x00007fff5d840000 - 0x00007fff5d868000 	C:\Users\pru\AppData\Local\Temp\javacpp343024372392444\jniopencv_video.dll
0x00007fff39a60000 - 0x00007fff39bd0000 	C:\Users\pru\AppData\Local\Temp\javacpp343024372392444\opencv_legacy2411.dll
0x00007fff35e20000 - 0x00007fff35f9a000 	C:\Users\pru\AppData\Local\Temp\javacpp343024372392444\jniopencv_legacy.dll
0x00007fff47380000 - 0x00007fff473fd000 	C:\Users\pru\AppData\Local\Temp\javacpp343024372392444\opencv_gpu2411.dll
0x00007fff2f820000 - 0x00007fff2fb15000 	C:\Users\pru\AppData\Local\Temp\javacpp343024372392444\opencv_ocl2411.dll
0x00007fff3df50000 - 0x00007fff3dff6000 	C:\Users\pru\AppData\Local\Temp\javacpp343024372392444\opencv_nonfree2411.dll
0x00007fff5dbf0000 - 0x00007fff5dc01000 	C:\Users\pru\AppData\Local\Temp\javacpp343024372392444\jniopencv_nonfree.dll
0x00007fff56370000 - 0x00007fff56502000 	C:\Windows\SYSTEM32\dbghelp.dll

VM Arguments:
jvm_args: -Didea.launcher.port=7535 -Didea.launcher.bin.path=C:\Program Files (x86)\JetBrains\IntelliJ IDEA Community Edition 2016.3.4\bin -Dfile.encoding=UTF-8 
java_command: com.intellij.rt.execution.application.AppMain IPApp
java_class_path (initial): C:\Program Files\Java\jdk1.8.0_121\jre\lib\charsets.jar;C:\Program Files\Java\jdk1.8.0_121\jre\lib\deploy.jar;C:\Program Files\Java\jdk1.8.0_121\jre\lib\ext\access-bridge-64.jar;C:\Program Files\Java\jdk1.8.0_121\jre\lib\ext\cldrdata.jar;C:\Program Files\Java\jdk1.8.0_121\jre\lib\ext\dnsns.jar;C:\Program Files\Java\jdk1.8.0_121\jre\lib\ext\jaccess.jar;C:\Program Files\Java\jdk1.8.0_121\jre\lib\ext\jfxrt.jar;C:\Program Files\Java\jdk1.8.0_121\jre\lib\ext\localedata.jar;C:\Program Files\Java\jdk1.8.0_121\jre\lib\ext\nashorn.jar;C:\Program Files\Java\jdk1.8.0_121\jre\lib\ext\sunec.jar;C:\Program Files\Java\jdk1.8.0_121\jre\lib\ext\sunjce_provider.jar;C:\Program Files\Java\jdk1.8.0_121\jre\lib\ext\sunmscapi.jar;C:\Program Files\Java\jdk1.8.0_121\jre\lib\ext\sunpkcs11.jar;C:\Program Files\Java\jdk1.8.0_121\jre\lib\ext\zipfs.jar;C:\Program Files\Java\jdk1.8.0_121\jre\lib\javaws.jar;C:\Program Files\Java\jdk1.8.0_121\jre\lib\jce.jar;C:\Program Files\Java\jdk1.8.0_121\jre\lib\jfr.jar;C:\Program Files\Java\jdk1.8.0_121\jre\lib\jfxswt.jar;C:\Program Files\Java\jdk1.8.0_121\jre\lib\jsse.jar;C:\Program Files\Java\jdk1.8.0_121\jre\lib\management-agent.jar;C:\Program Files\Java\jdk1.8.0_121\jre\lib\plugin.jar;C:\Program Files\Java\jdk1.8.0_121\jre\lib\resources.jar;C:\Program Files\Java\jdk1.8.0_121\jre\lib\rt.jar;C:\Users\pru\Desktop\big data apps\lab4\CS5542-Tutorial4-SourceCode\image_classification\target\scala-2.11\classes;C:\Users\pru\.ivy2\cache\org.scala-lang\scala-library\jars\scala-library-2.11.8.jar;C:\Users\pru\.ivy2\cache\org.codehaus.jackson\jackson-xc\jars\jackson-xc-1.8.8.jar;C:\Users\pru\.ivy2\cache\org.codehaus.jackson\jackson-jaxrs\jars\jackson-jaxrs-1.8.8.jar;C:\Users\pru\.ivy2\cache\commons-net\commons-net\jars\commons-net-3.1.jar;C:\Users\pru\.ivy2\cache\asm\asm\jars\asm-3.2.jar;C:\Users\pru\.ivy2\cache\org.bytedeco\javacpp\maven-plugins\javacpp-0.11.jar;C:\Users\pru\.ivy2\cache\xmlenc\xmlenc\jars\xmlenc-0.52.jar;C:\Users\pru\.ivy
Launcher Type: SUN_STANDARD

Environment Variables:
PATH=C:\ProgramData\Oracle\Java\javapath;C:\Program Files (x86)\Intel\iCLS Client\;C:\Program Files\Intel\iCLS Client\;C:\Windows\system32;C:\Windows;C:\Windows\System32\Wbem;C:\Windows\System32\WindowsPowerShell\v1.0\;C:\Program Files (x86)\Intel\Intel(R) Management Engine Components\DAL;C:\Program Files\Intel\Intel(R) Management Engine Components\DAL;C:\Program Files (x86)\Intel\Intel(R) Management Engine Components\IPT;C:\Program Files\Intel\Intel(R) Management Engine Components\IPT;C:\Program Files (x86)\NVIDIA Corporation\PhysX\Common;C:\Program Files\Intel\WiFi\bin\;C:\Program Files\Common Files\Intel\WirelessCommon\;C:\Program Files\MATLAB\R2015b\runtime\win64;C:\Program Files\MATLAB\R2015b\bin;C:\Program Files\MATLAB\R2015b\polyspace\bin;C:\Users\pru\AppData\Local\Microsoft\WindowsApps;C:\Program Files\Intel\WiFi\bin\;C:\Program Files\Common Files\Intel\WirelessCommon\;C:\Program Files\Heroku\bin
USERNAME=pru
OS=Windows_NT
PROCESSOR_IDENTIFIER=Intel64 Family 6 Model 94 Stepping 3, GenuineIntel



---------------  S Y S T E M  ---------------

OS: Windows 10.0 , 64 bit Build 14393 (10.0.14393.0)

CPU:total 4 (4 cores per cpu, 1 threads per core) family 6 model 94 stepping 3, cmov, cx8, fxsr, mmx, sse, sse2, sse3, ssse3, sse4.1, sse4.2, popcnt, avx, avx2, aes, clmul, erms, rtm, 3dnowpref, lzcnt, tsc, tscinvbit, bmi1, bmi2, adx

Memory: 4k page, physical 8144364k(1349216k free), swap 30207520k(4157636k free)

vm_info: Java HotSpot(TM) 64-Bit Server VM (25.121-b13) for windows-amd64 JRE (1.8.0_121-b13), built on Dec 12 2016 18:21:36 by "java_re" with MS VC++ 10.0 (VS2010)

time: Wed Feb 15 22:02:23 2017
elapsed time: 105 seconds (0d 0h 1m 45s)

